#
# A fatal error has been detected by the Java Runtime Environment:
#
#  EXCEPTION_ACCESS_VIOLATION (0xc0000005) at pc=0x00000284d288adb4, pid=19728, tid=20024
#
# JRE version: Java(TM) SE Runtime Environment (15.0.2+7) (build 15.0.2+7-27)
# Java VM: Java HotSpot(TM) 64-Bit Server VM (15.0.2+7-27, mixed mode, sharing, tiered, compressed oops, g1 gc, windows-amd64)
# Problematic frame:
# J 4764 c1 org.codehaus.groovy.reflection.ClassInfo.getMetaClass()Lgroovy/lang/MetaClass; (33 bytes) @ 0x00000284d288adb4 [0x00000284d288abe0+0x00000000000001d4]
#
# No core dump will be written. Minidumps are not enabled by default on client versions of Windows
#
# If you would like to submit a bug report, please visit:
#   https://bugreport.java.com/bugreport/crash.jsp
#

---------------  S U M M A R Y ------------

Command Line: -XX:MaxMetaspaceSize=256m -XX:+HeapDumpOnOutOfMemoryError --add-opens=java.base/java.util=ALL-UNNAMED --add-opens=java.base/java.lang=ALL-UNNAMED --add-opens=java.base/java.lang.invoke=ALL-UNNAMED --add-opens=java.prefs/java.util.prefs=ALL-UNNAMED -Xms256m -Xmx512m -Dfile.encoding=windows-1252 -Duser.country=US -Duser.language=en -Duser.variant org.gradle.launcher.daemon.bootstrap.GradleDaemon 6.7

Host: Intel(R) Core(TM) i5-1035G4 CPU @ 1.10GHz, 8 cores, 7G,  Windows 10 , 64 bit Build 18362 (10.0.18362.1316)
Time: Tue Jan 26 13:35:00 2021 Central Standard Time elapsed time: 1647.803313 seconds (0d 0h 27m 27s)

---------------  T H R E A D  ---------------

Current thread (0x00000284e8939180):  JavaThread "Execution worker for ':' Thread 7" [_thread_in_Java, id=20024, stack(0x0000009582000000,0x0000009582100000)]

Stack: [0x0000009582000000,0x0000009582100000],  sp=0x00000095820fd620,  free space=1013k
Native frames: (J=compiled Java code, j=interpreted, Vv=VM code, C=native code)
C  0x00000284d288adb4


siginfo: EXCEPTION_ACCESS_VIOLATION (0xc0000005), reading address 0x0000000072717272


Register to memory mapping:

RIP=0x00000284d288adb4 is at entry_point+468 in (nmethod*)0x00000284d288a910
RAX=0x0000000000000da1 is an unknown value
RBX=0x00000000000074ee is an unknown value
RCX=0x0000000000002db2 is an unknown value
RDX=0x00000000e29881b8 is an oop: org.codehaus.groovy.reflection.ClassInfo 
{0x00000000e29881b8} - klass: 'org/codehaus/groovy/reflection/ClassInfo'
RSP=0x00000095820fd620 is pointing into the stack for thread: 0x00000284e8939180
RBP=0x00000095820fd8b0 is pointing into the stack for thread: 0x00000284e8939180
RSI=0x0000000072717272 is an unknown value
RDI=0x00000284e9d8b1b8 is pointing into metadata
R8 =0x0000000000006304 is an unknown value
R9 =0x00000000e0867148 is an oop: java.lang.Class 
{0x00000000e0867148} - klass: 'java/lang/Class'
R10=0x0000000800ebb670 is a pointer to class: 
org.codehaus.groovy.reflection.ClassInfo {0x0000000800ebb678}
R11=0x00000284d31f8640 is at entry_point+0 in (nmethod*)0x00000284d31f8490
R12=0x0 is NULL
R13=0x00000095820fd858 is pointing into the stack for thread: 0x00000284e8939180
R14=0x00000095820fd8f8 is pointing into the stack for thread: 0x00000284e8939180
R15=0x00000284e8939180 is a thread


Registers:
RAX=0x0000000000000da1, RBX=0x00000000000074ee, RCX=0x0000000000002db2, RDX=0x00000000e29881b8
RSP=0x00000095820fd620, RBP=0x00000095820fd8b0, RSI=0x0000000072717272, RDI=0x00000284e9d8b1b8
R8 =0x0000000000006304, R9 =0x00000000e0867148, R10=0x0000000800ebb670, R11=0x00000284d31f8640
R12=0x0000000000000000, R13=0x00000095820fd858, R14=0x00000095820fd8f8, R15=0x00000284e8939180
RIP=0x00000284d288adb4, EFLAGS=0x0000000000010206

Top of Stack: (sp=0x00000095820fd620)
0x00000095820fd620:   00000000ececc4f8 00000000e24cff60
0x00000095820fd630:   00000095820fd8b0 00000284d2c8aaec
0x00000095820fd640:   00000095820fd6c0 00000095820fd8b0
0x00000095820fd650:   0000000000000d9f 00000000e7337fa0
0x00000095820fd660:   00000095820fd8b0 00000284d2f97f00
0x00000095820fd670:   00000000e29881b8 0000000000000000
0x00000095820fd680:   0000000000000000 00000000e2556a50
0x00000095820fd690:   00000000e2468f18 00007ffbd6f9cb24
0x00000095820fd6a0:   00000000e00d55f0 00000000e2468f18
0x00000095820fd6b0:   00000095820fd8b0 00000284d2e18224
0x00000095820fd6c0:   00000284ed6f8760 00000284d93d6c03
0x00000095820fd6d0:   00000000e08771d0 00000000e08771d0
0x00000095820fd6e0:   0000000000000001 00000000e7337fa0
0x00000095820fd6f0:   00000000e08771d0 00007ffbd6e44daf
0x00000095820fd700:   0000000800114d40 0000000800114d40
0x00000095820fd710:   00000000e0867148 00000000e2984678 

Instructions: (pc=0x00000284d288adb4)
0x00000284d288acb4:   00 48 8b 04 1f 48 8d 40 01 48 89 04 1f 0f 85 e5
0x00000284d288acc4:   03 00 00 48 8b f2 48 bf c8 e1 60 ed 84 02 00 00
0x00000284d288acd4:   49 ba 70 b6 eb 00 08 00 00 00 4c 89 97 78 01 00
0x00000284d288ace4:   00 48 83 87 80 01 00 00 01 48 be 50 7f 56 ed 84
0x00000284d288acf4:   02 00 00 8b be 04 01 00 00 83 c7 02 89 be 04 01
0x00000284d288ad04:   00 00 81 e7 fe ff 1f 00 83 ff 00 0f 84 20 0a 00
0x00000284d288ad14:   00 8b 72 28 48 83 fe 00 48 bf 50 7f 56 ed 84 02
0x00000284d288ad24:   00 00 48 bb 48 01 00 00 00 00 00 00 0f 85 0a 00
0x00000284d288ad34:   00 00 48 bb 58 01 00 00 00 00 00 00 48 8b 04 1f
0x00000284d288ad44:   48 8d 40 01 48 89 04 1f 0f 85 1f 00 00 00 48 be
0x00000284d288ad54:   50 7f 56 ed 84 02 00 00 ff 86 68 01 00 00 48 be
0x00000284d288ad64:   00 00 00 00 00 00 00 00 e9 13 02 00 00 48 3b 06
0x00000284d288ad74:   48 8b fe 48 bb 50 7f 56 ed 84 02 00 00 48 83 83
0x00000284d288ad84:   80 01 00 00 01 48 bf b8 b1 d8 e9 84 02 00 00 8b
0x00000284d288ad94:   9f 04 01 00 00 83 c3 02 89 9f 04 01 00 00 81 e3
0x00000284d288ada4:   fe ff 1f 00 83 fb 00 0f 84 aa 09 00 00 8b 76 0c
0x00000284d288adb4:   48 3b 06 48 8b fe 48 bb b8 b1 d8 e9 84 02 00 00
0x00000284d288adc4:   8b 7f 08 48 c1 e7 03 49 ba 00 00 00 00 08 00 00
0x00000284d288add4:   00 49 03 fa 48 3b bb 58 01 00 00 75 0d 48 83 83
0x00000284d288ade4:   60 01 00 00 01 e9 66 00 00 00 48 3b bb 68 01 00
0x00000284d288adf4:   00 75 0d 48 83 83 70 01 00 00 01 e9 50 00 00 00
0x00000284d288ae04:   48 81 bb 58 01 00 00 00 00 00 00 75 17 48 89 bb
0x00000284d288ae14:   58 01 00 00 48 c7 83 60 01 00 00 01 00 00 00 e9
0x00000284d288ae24:   2c 00 00 00 48 81 bb 68 01 00 00 00 00 00 00 75
0x00000284d288ae34:   17 48 89 bb 68 01 00 00 48 c7 83 70 01 00 00 01
0x00000284d288ae44:   00 00 00 e9 08 00 00 00 48 83 83 48 01 00 00 01
0x00000284d288ae54:   48 8b d6 66 0f 1f 44 00 00 48 b8 60 14 ed 00 08
0x00000284d288ae64:   00 00 00 e8 94 f7 06 07 48 83 f8 00 75 16 48 be
0x00000284d288ae74:   50 7f 56 ed 84 02 00 00 80 8e b1 01 00 00 01 e9
0x00000284d288ae84:   f6 00 00 00 48 bf 58 2a c0 00 08 00 00 00 8b 70
0x00000284d288ae94:   08 48 c1 e6 03 49 ba 00 00 00 00 08 00 00 00 49
0x00000284d288aea4:   03 f2 48 3b 7e 20 0f 84 1b 00 00 00 48 3b f7 0f 


Stack slot to memory mapping:
stack at sp + 0 slots: 0x00000000ececc4f8 is an oop: groovy.lang.Tuple2 
{0x00000000ececc4f8} - klass: 'groovy/lang/Tuple2'
stack at sp + 1 slots: 0x00000000e24cff60 is an oop: java.lang.Class 
{0x00000000e24cff60} - klass: 'java/lang/Class'
stack at sp + 2 slots: 0x00000095820fd8b0 is pointing into the stack for thread: 0x00000284e8939180
stack at sp + 3 slots: 0x00000284d2c8aaec is at entry_point+13132 in (nmethod*)0x00000284d2c87210
stack at sp + 4 slots: 0x00000095820fd6c0 is pointing into the stack for thread: 0x00000284e8939180
stack at sp + 5 slots: 0x00000095820fd8b0 is pointing into the stack for thread: 0x00000284e8939180
stack at sp + 6 slots: 0x0000000000000d9f is an unknown value
stack at sp + 7 slots: 0x00000000e7337fa0 is an oop: groovy.lang.MetaClassImpl 
{0x00000000e7337fa0} - klass: 'groovy/lang/MetaClassImpl'

--------------------------------------------------------------------------------
[Constant Pool (empty)]

--------------------------------------------------------------------------------

[MachCode]
  0x00000284d288abe0: 448b 5208 | 49c1 e203 | 49bb 0000 | 0000 0800 | 0000 4d03 | d34c 3bd0 | 0f85 021e | 0bff 6690 
  0x00000284d288ac00: 8984 2400 | 90ff ff55 | 4881 ec90 | 0000 0048 | 8954 2450 | 48be 30df | 60ed 8402 | 0000 8bbe 
  0x00000284d288ac20: 0401 0000 | 83c7 0289 | be04 0100 | 0081 e7fe | 0700 0083 | ff00 0f84 | b70a 0000 | 488b f248 
  0x00000284d288ac40: bf30 df60 | ed84 0200 | 0049 ba70 | b6eb 0008 | 0000 004c | 8997 5801 | 0000 4883 | 8760 0100 
  0x00000284d288ac60: 0001 48be | c8e1 60ed | 8402 0000 | 8bbe 0401 | 0000 83c7 | 0289 be04 | 0100 0081 | e7fe ff1f 
  0x00000284d288ac80: 0083 ff00 | 0f84 8a0a | 0000 8b72 | 2448 83fe | 0048 bfc8 | e160 ed84 | 0200 0048 | bb58 0100 
  0x00000284d288aca0: 0000 0000 | 000f 850a | 0000 0048 | bb48 0100 | 0000 0000 | 0048 8b04 | 1f48 8d40 | 0148 8904 
  0x00000284d288acc0: 1f0f 85e5 | 0300 0048 | 8bf2 48bf | c8e1 60ed | 8402 0000 | 49ba 70b6 | eb00 0800 | 0000 4c89 
  0x00000284d288ace0: 9778 0100 | 0048 8387 | 8001 0000 | 0148 be50 | 7f56 ed84 | 0200 008b | be04 0100 | 0083 c702 
  0x00000284d288ad00: 89be 0401 | 0000 81e7 | feff 1f00 | 83ff 000f | 8420 0a00 | 008b 7228 | 4883 fe00 | 48bf 507f 
  0x00000284d288ad20: 56ed 8402 | 0000 48bb | 4801 0000 | 0000 0000 | 0f85 0a00 | 0000 48bb | 5801 0000 | 0000 0000 
  0x00000284d288ad40: 488b 041f | 488d 4001 | 4889 041f | 0f85 1f00 | 0000 48be | 507f 56ed | 8402 0000 | ff86 6801 
  0x00000284d288ad60: 0000 48be | 0000 0000 | 0000 0000 | e913 0200 | 0048 3b06 | 488b fe48 | bb50 7f56 | ed84 0200 
  0x00000284d288ad80: 0048 8383 | 8001 0000 | 0148 bfb8 | b1d8 e984 | 0200 008b | 9f04 0100 | 0083 c302 | 899f 0401 
  0x00000284d288ada0: 0000 81e3 | feff 1f00 | 83fb 000f | 84aa 0900 | 008b 760c | 483b 0648 | 8bfe 48bb | b8b1 d8e9 
  0x00000284d288adc0: 8402 0000 | 8b7f 0848 | c1e7 0349 | ba00 0000 | 0008 0000 | 0049 03fa | 483b bb58 | 0100 0075 
  0x00000284d288ade0: 0d48 8383 | 6001 0000 | 01e9 6600 | 0000 483b | bb68 0100 | 0075 0d48 | 8383 7001 | 0000 01e9 
  0x00000284d288ae00: 5000 0000 | 4881 bb58 | 0100 0000 | 0000 0075 | 1748 89bb | 5801 0000 | 48c7 8360 | 0100 0001 
  0x00000284d288ae20: 0000 00e9 | 2c00 0000 | 4881 bb68 | 0100 0000 | 0000 0075 | 1748 89bb | 6801 0000 | 48c7 8370 
  0x00000284d288ae40: 0100 0001 | 0000 00e9 | 0800 0000 | 4883 8348 | 0100 0001 | 488b d666 | 0f1f 4400 | 0048 b860 
  0x00000284d288ae60: 14ed 0008 | 0000 00e8 | 94f7 0607 | 4883 f800 | 7516 48be | 507f 56ed | 8402 0000 | 808e b101 
  0x00000284d288ae80: 0000 01e9 | f600 0000 | 48bf 582a | c000 0800 | 0000 8b70 | 0848 c1e6 | 0349 ba00 | 0000 0008 
  0x00000284d288aea0: 0000 0049 | 03f2 483b | 7e20 0f84 | 1b00 0000 | 483b f70f | 8412 0000 | 0056 57e8 | 403f 16ff 
  0x00000284d288aec0: 5e5e 83fe | 000f 8497 | 0000 0048 | be50 7f56 | ed84 0200 | 008b 7808 | 48c1 e703 | 49ba 0000 
  0x00000284d288aee0: 0000 0800 | 0000 4903 | fa48 3bbe | c801 0000 | 750d 4883 | 86d0 0100 | 0001 e97f | 0000 0048 
  0x00000284d288af00: 3bbe d801 | 0000 750d | 4883 86e0 | 0100 0001 | e969 0000 | 0048 81be | c801 0000 | 0000 0000 
  0x00000284d288af20: 7517 4889 | bec8 0100 | 0048 c786 | d001 0000 | 0100 0000 | e945 0000 | 0048 81be | d801 0000 
  0x00000284d288af40: 0000 0000 | 7517 4889 | bed8 0100 | 0048 c786 | e001 0000 | 0100 0000 | e921 0000 | 00e9 1c00 
  0x00000284d288af60: 0000 48be | 507f 56ed | 8402 0000 | 4883 aeb8 | 0100 0001 | e908 0800 | 00e9 0000 | 0000 488b 
  0x00000284d288af80: d048 8bf2 | 48ba c8e1 | 60ed 8402 | 0000 4883 | 82a0 0100 | 0001 48ba | d8e3 60ed | 8402 0000 
  0x00000284d288afa0: 448b 8204 | 0100 0041 | 83c0 0244 | 8982 0401 | 0000 4181 | e0fe ff1f | 0041 83f8 | 000f 84c7 
  0x00000284d288afc0: 0700 0048 | bad8 e360 | ed84 0200 | 0048 8382 | 4801 0000 | 0148 ba78 | 4f00 ed84 | 0200 0044 
  0x00000284d288afe0: 8b82 0401 | 0000 4183 | c002 4489 | 8204 0100 | 0041 81e0 | feff 1f00 | 4183 f800 | 0f84 a907 
  0x00000284d288b000: 0000 48ba | a885 55e2 | 0000 0000 | 4c8b c248 | bfd8 e360 | ed84 0200 | 0049 ba50 | e9eb 0008 
  0x00000284d288b020: 0000 004c | 8997 6801 | 0000 4883 | 8770 0100 | 0001 448b | 4228 48ba | d8e3 60ed | 8402 0000 
  0x00000284d288b040: 4883 8290 | 0100 0001 | 488b d648 | 8974 2458 | 0f1f 8000 | 0000 00e8 | e429 fcff | 83e0 0183 
  0x00000284d288b060: f800 49b8 | c8e1 60ed | 8402 0000 | 49b9 b001 | 0000 0000 | 0000 0f84 | 0a00 0000 | 49b9 c001 
  0x00000284d288b080: 0000 0000 | 0000 4b8b | 1408 488d | 5201 4b89 | 1408 0f84 | 0a00 0000 | 488b 7424 | 58e9 0a00 
  0x00000284d288b0a0: 0000 48be | 0000 0000 | 0000 0000 | 4883 fe00 | 49b8 30df | 60ed 8402 | 0000 49b9 | 9001 0000 
  0x00000284d288b0c0: 0000 0000 | 0f85 0a00 | 0000 49b9 | 8001 0000 | 0000 0000 | 4b8b 1408 | 488d 5201 | 4b89 1408 
  0x00000284d288b0e0: 0f85 ea05 | 0000 488b | 5424 504c | 8bc2 49b9 | 30df 60ed | 8402 0000 | 49ba 70b6 | eb00 0800 
  0x00000284d288b100: 0000 4d89 | 91b0 0100 | 0049 8381 | b801 0000 | 0149 b8b8 | e560 ed84 | 0200 0045 | 8b88 0401 
  0x00000284d288b120: 0000 4183 | c102 4589 | 8804 0100 | 0041 81e1 | feff 1f00 | 4183 f900 | 0f84 9306 | 0000 8b72 
  0x00000284d288b140: 1848 3b06 | 4c8b c649 | b9b8 e560 | ed84 0200 | 0049 8381 | 4801 0000 | 0149 b830 | 82d9 e984 
  0x00000284d288b160: 0200 0045 | 8b88 0401 | 0000 4183 | c102 4589 | 8804 0100 | 0041 81e1 | feff 1f00 | 4183 f900 
  0x00000284d288b180: 0f84 7106 | 0000 4c8b | c649 b930 | 82d9 e984 | 0200 0049 | 8381 4801 | 0000 0141 | b800 0000 
  0x00000284d288b1a0: 0041 b901 | 0000 0048 | 8bd6 4889 | 7424 60e8 | ec0b ca06 | 83f8 0049 | b830 82d9 | e984 0200 
  0x00000284d288b1c0: 0048 ba80 | 0100 0000 | 0000 000f | 840a 0000 | 0048 ba90 | 0100 0000 | 0000 0049 | 8b34 1048 
  0x00000284d288b1e0: 8d76 0149 | 8934 1048 | 8b74 2460 | 0f84 5800 | 0000 49b8 | 3082 d9e9 | 8402 0000 | 4983 80a0 
  0x00000284d288b200: 0100 0001 | 4d8b 8700 | 0300 0041 | 0fbe 5730 | 83fa 000f | 85ff 0500 | 004d 8bd0 | 4489 561c 
  0x00000284d288b220: 488b d649 | 33d0 48c1 | ea14 4883 | fa00 0f85 | ff05 0000 | 49b8 3082 | d9e9 8402 | 0000 41ff 
  0x00000284d288b240: 80b0 0100 | 00e9 2a00 | 0000 4c8b | c648 ba30 | 82d9 e984 | 0200 0048 | 8382 c801 | 0000 0141 
  0x00000284d288b260: b801 0000 | 0048 8bd6 | 0f1f 8000 | 0000 00e8 | 0c1c 0bff | 488b 5424 | 5048 be30 | df60 ed84 
  0x00000284d288b280: 0200 0048 | 8386 d801 | 0000 0148 | 8b54 2450 | 0f1f 8000 | 0000 00e8 | 0907 0000 | 4889 4424 
  0x00000284d288b2a0: 7048 8b54 | 2450 4c8b | c248 be30 | df60 ed84 | 0200 0049 | ba70 b6eb | 0008 0000 | 004c 8996 
  0x00000284d288b2c0: f801 0000 | 4883 8600 | 0200 0001 | 49b8 a0eb | 60ed 8402 | 0000 418b | b004 0100 | 0083 c602 
  0x00000284d288b2e0: 4189 b004 | 0100 0081 | e6fe ff1f | 0083 fe00 | 0f84 5505 | 0000 8b72 | 1848 3b06 | 4c8b c648 
  0x00000284d288b300: baa0 eb60 | ed84 0200 | 0048 8382 | 4801 0000 | 0149 b870 | 84d9 e984 | 0200 0041 | 8b90 0401 
  0x00000284d288b320: 0000 83c2 | 0241 8990 | 0401 0000 | 81e2 feff | 1f00 83fa | 000f 8436 | 0500 004c | 8bc6 48ba 
  0x00000284d288b340: 7084 d9e9 | 8402 0000 | 4883 8248 | 0100 0001 | 49b8 d8ef | 57e8 8402 | 0000 418b | 9004 0100 
  0x00000284d288b360: 0083 c202 | 4189 9004 | 0100 0081 | e2fe ff1f | 0083 fa00 | 0f84 1805 | 0000 4c8b | c648 bad8 
  0x00000284d288b380: ef57 e884 | 0200 0045 | 8b40 0849 | c1e0 0349 | ba00 0000 | 0008 0000 | 004d 03c2 | 4c3b 8258 
  0x00000284d288b3a0: 0100 0075 | 0d48 8382 | 6001 0000 | 01e9 6600 | 0000 4c3b | 8268 0100 | 0075 0d48 | 8382 7001 
  0x00000284d288b3c0: 0000 01e9 | 5000 0000 | 4881 ba58 | 0100 0000 | 0000 0075 | 174c 8982 | 5801 0000 | 48c7 8260 
  0x00000284d288b3e0: 0100 0001 | 0000 00e9 | 2c00 0000 | 4881 ba68 | 0100 0000 | 0000 0075 | 174c 8982 | 6801 0000 
  0x00000284d288b400: 48c7 8270 | 0100 0001 | 0000 00e9 | 0800 0000 | 4883 8248 | 0100 0001 | 41b8 0100 | 0000 488b 
  0x00000284d288b420: d648 8974 | 2468 90e8 | b48e b5ff | 83f8 0048 | bad8 ef57 | e884 0200 | 0048 be80 | 0100 0000 
  0x00000284d288b440: 0000 000f | 840a 0000 | 0048 be90 | 0100 0000 | 0000 0048 | 8b3c 3248 | 8d7f 0148 | 893c 320f 
  0x00000284d288b460: 8429 0000 | 0048 8b74 | 2468 8b56 | 1448 bed8 | ef57 e884 | 0200 0048 | 8386 a001 | 0000 01e8 
  0x00000284d288b480: 9c09 f706 | b801 0000 | 00e9 2a02 | 0000 b800 | 0000 00e9 | 2002 0000 | 488b 5424 | 5049 8b87 
  0x00000284d288b4a0: 0004 0000 | 4d33 d24d | 8997 0004 | 0000 4d33 | d24d 8997 | 0804 0000 | 4c8b c248 | be30 df60 
  0x00000284d288b4c0: ed84 0200 | 0049 ba70 | b6eb 0008 | 0000 004c | 8996 3002 | 0000 4883 | 8638 0200 | 0001 49b8 
  0x00000284d288b4e0: a0eb 60ed | 8402 0000 | 418b b004 | 0100 0083 | c602 4189 | b004 0100 | 0081 e6fe | ff1f 0083 
  0x00000284d288b500: fe00 0f84 | ab03 0000 | 8b72 1848 | 3b06 4c8b | c648 baa0 | eb60 ed84 | 0200 0048 | 8382 4801 
  0x00000284d288b520: 0000 0149 | b870 84d9 | e984 0200 | 0041 8b90 | 0401 0000 | 83c2 0241 | 8990 0401 | 0000 81e2 
  0x00000284d288b540: feff 1f00 | 83fa 000f | 848c 0300 | 004c 8bc6 | 48ba 7084 | d9e9 8402 | 0000 4883 | 8248 0100 
  0x00000284d288b560: 0001 49b8 | d8ef 57e8 | 8402 0000 | 418b 9004 | 0100 0083 | c202 4189 | 9004 0100 | 0081 e2fe 
  0x00000284d288b580: ff1f 0083 | fa00 0f84 | 6e03 0000 | 4c8b c648 | bad8 ef57 | e884 0200 | 0045 8b40 | 0849 c1e0 
  0x00000284d288b5a0: 0349 ba00 | 0000 0008 | 0000 004d | 03c2 4c3b | 8258 0100 | 0075 0d48 | 8382 6001 | 0000 01e9 
  0x00000284d288b5c0: 6600 0000 | 4c3b 8268 | 0100 0075 | 0d48 8382 | 7001 0000 | 01e9 5000 | 0000 4881 | ba58 0100 
  0x00000284d288b5e0: 0000 0000 | 0075 174c | 8982 5801 | 0000 48c7 | 8260 0100 | 0001 0000 | 00e9 2c00 | 0000 4881 
  0x00000284d288b600: ba68 0100 | 0000 0000 | 0075 174c | 8982 6801 | 0000 48c7 | 8270 0100 | 0001 0000 | 00e9 0800 
  0x00000284d288b620: 0000 4883 | 8248 0100 | 0001 41b8 | 0100 0000 | 488b d648 | 8984 2480 | 0000 0048 | 8974 2478 
  0x00000284d288b640: 0f1f 8000 | 0000 00e8 | 3418 0bff | 83f8 0048 | bad8 ef57 | e884 0200 | 0048 be80 | 0100 0000 
  0x00000284d288b660: 0000 000f | 840a 0000 | 0048 be90 | 0100 0000 | 0000 0048 | 8b3c 3248 | 8d7f 0148 | 893c 320f 
  0x00000284d288b680: 8429 0000 | 0048 8b74 | 2478 8b56 | 1448 bed8 | ef57 e884 | 0200 0048 | 8386 a001 | 0000 01e8 
  0x00000284d288b6a0: dc20 0bff | b801 0000 | 00e9 3800 | 0000 b800 | 0000 00e9 | 2e00 0000 | 488b 4424 | 7048 81c4 
  0x00000284d288b6c0: 9000 0000 | 5d4d 8b97 | 1001 0000 | 4185 02c3 | 488b c648 | 81c4 9000 | 0000 5d4d | 8b97 1001 
  0x00000284d288b6e0: 0000 4185 | 02c3 488b | 8424 8000 | 0000 e953 | 0200 0049 | bae0 37d0 | e984 0200 | 004c 8954 
  0x00000284d288b700: 2408 48c7 | 0424 ffff | ffff e8f1 | 6816 ffe9 | 28f5 ffff | 49ba e833 | d0e9 8402 | 0000 4c89 
  0x00000284d288b720: 5424 0848 | c704 24ff | ffff ffe8 | d068 16ff | e955 f5ff | ff49 ba00 | 31d0 e984 | 0200 004c 
  0x00000284d288b740: 8954 2408 | 48c7 0424 | ffff ffff | e8af 6816 | ffe9 bff5 | ffff e8c5 | 0416 ff49 | ba18 48d8 
  0x00000284d288b760: e984 0200 | 004c 8954 | 2408 48c7 | 0424 ffff | ffff e889 | 6816 ffe9 | 35f6 ffff | e89f 0416 
  0x00000284d288b780: ff48 8904 | 24e8 9630 | 16ff 49ba | f835 d0e9 | 8402 0000 | 4c89 5424 | 0848 c704 | 24ff ffff 
  0x00000284d288b7a0: ffe8 5a68 | 16ff e918 | f8ff ff49 | bac0 cbf3 | e484 0200 | 004c 8954 | 2408 48c7 | 0424 ffff 
  0x00000284d288b7c0: ffff e839 | 6816 ffe9 | 36f8 ffff | e84f 0416 | ff49 bab0 | 40d0 e984 | 0200 004c | 8954 2408 
  0x00000284d288b7e0: 48c7 0424 | ffff ffff | e813 6816 | ffe9 4cf9 | ffff e829 | 0416 ff49 | ba28 e9d7 | e984 0200 
  0x00000284d288b800: 004c 8954 | 2408 48c7 | 0424 ffff | ffff e8ed | 6716 ffe9 | 6ef9 ffff | 8b56 1c48 | 83fa 000f 
  0x00000284d288b820: 84f4 f9ff | ff48 8914 | 24e8 d26f | 16ff e9e6 | f9ff ff49 | 83f8 000f | 84f7 f9ff | ff48 8934 
  0x00000284d288b840: 24e8 ba73 | 16ff e9e9 | f9ff ff49 | ba60 41d0 | e984 0200 | 004c 8954 | 2408 48c7 | 0424 ffff 
  0x00000284d288b860: ffff e899 | 6716 ffe9 | 8afa ffff | e8af 0316 | ff49 baf0 | e9d7 e984 | 0200 004c | 8954 2408 
  0x00000284d288b880: 48c7 0424 | ffff ffff | e873 6716 | ffe9 a9fa | ffff 49ba | 8884 1e00 | 0800 0000 | 4c89 5424 
  0x00000284d288b8a0: 0848 c704 | 24ff ffff | ffe8 5267 | 16ff e9c7 | faff ff49 | ba60 41d0 | e984 0200 | 004c 8954 
  0x00000284d288b8c0: 2408 48c7 | 0424 ffff | ffff e831 | 6716 ffe9 | 34fc ffff | e847 0316 | ff49 baf0 | e9d7 e984 
  0x00000284d288b8e0: 0200 004c | 8954 2408 | 48c7 0424 | ffff ffff | e80b 6716 | ffe9 53fc | ffff 49ba | 8884 1e00 
  0x00000284d288b900: 0800 0000 | 4c89 5424 | 0848 c704 | 24ff ffff | ffe8 ea66 | 16ff e971 | fcff ff90 | 9049 8b87 
  0x00000284d288b920: 0004 0000 | 49ba 0000 | 0000 0000 | 0000 4d89 | 9700 0400 | 0049 ba00 | 0000 0000 | 0000 004d 
  0x00000284d288b940: 8997 0804 | 0000 4881 | c490 0000 | 005d e9ad | 1f0d fff4 | f4f4 f4f4 | f4f4 f4f4 | f4f4 f4f4 
  0x00000284d288b960: 0f1f 4400 | 0048 bb00 | 0000 0000 | 0000 00e9 | fbff ffff | 9048 bb00 | 0000 0000 | 0000 00e9 
  0x00000284d288b980: fbff ffff | 9048 bb00 | 0000 0000 | 0000 00e9 | fbff ffff | 9048 bb00 | 0000 0000 | 0000 00e9 
  0x00000284d288b9a0: fbff ffff | 9048 bb28 | 35d0 e984 | 0200 00e9 | 2929 0bff | 9048 bb00 | 0000 0000 | 0000 00e9 
  0x00000284d288b9c0: fbff ffff | 9048 bb00 | 0000 0000 | 0000 00e9 | fbff ffff | 9048 bb00 | 0000 0000 | 0000 00e9 
  0x00000284d288b9e0: fbff ffff | 9048 bb00 | 0000 0000 | 0000 00e9 | fbff ffff | e807 2816 | ff48 b9b0 | eb40 d7fb 
  0x00000284d288ba00: 7f00 0048 | 83e4 f049 | bae0 ad11 | d7fb 7f00 | 0041 ffd2 | f449 ba15 | ba88 d284 | 0200 0041 
  0x00000284d288ba20: 52e9 fa37 | 0bff f4f4 
[/MachCode]
--------------------------------------------------------------------------------


---------------  P R O C E S S  ---------------

Threads class SMR info:
_java_thread_list=0x00000284e69efd20, length=50, elements={
0x00000284c96c4640, 0x00000284e4946fa0, 0x00000284e4949a90, 0x00000284e4956d80,
0x00000284e4968b60, 0x00000284e4969520, 0x00000284e4969ee0, 0x00000284e496a890,
0x00000284e49796b0, 0x00000284e53aa790, 0x00000284e53b4010, 0x00000284e6f4c0d0,
0x00000284e72d7f80, 0x00000284e65e5690, 0x00000284e72b3100, 0x00000284e72b35d0,
0x00000284e72b0f50, 0x00000284e89374a0, 0x00000284e8935c90, 0x00000284e8afe8f0,
0x00000284e8933ae0, 0x00000284e72b1420, 0x00000284e72b1dc0, 0x00000284e72b18f0,
0x00000284e72b2290, 0x00000284e72b2760, 0x00000284e72b00e0, 0x00000284e72b2c30,
0x00000284e8afc270, 0x00000284e8aff290, 0x00000284e8b00aa0, 0x00000284e8afe420,
0x00000284e8b02780, 0x00000284e8b00100, 0x00000284e8b01de0, 0x00000284e8b01910,
0x00000284e8b02c50, 0x00000284e8affc30, 0x00000284e8b00f70, 0x00000284e8afcc10,
0x00000284e8afd5b0, 0x00000284e8b03120, 0x00000284e8afb8d0, 0x00000284e8afbda0,
0x00000284e8afda80, 0x00000284e8939180, 0x00000284e893ae60, 0x00000284e8938310,
0x00000284f0742a40, 0x00000284f073e870
}

Java Threads: ( => current thread )
  0x00000284c96c4640 JavaThread "main" [_thread_blocked, id=13404, stack(0x00000095fdb00000,0x00000095fdc00000)]
  0x00000284e4946fa0 JavaThread "Reference Handler" daemon [_thread_blocked, id=7520, stack(0x00000095fe200000,0x00000095fe300000)]
  0x00000284e4949a90 JavaThread "Finalizer" daemon [_thread_blocked, id=12592, stack(0x00000095fe300000,0x00000095fe400000)]
  0x00000284e4956d80 JavaThread "Signal Dispatcher" daemon [_thread_blocked, id=3992, stack(0x00000095fe400000,0x00000095fe500000)]
  0x00000284e4968b60 JavaThread "Attach Listener" daemon [_thread_blocked, id=7664, stack(0x00000095fe500000,0x00000095fe600000)]
  0x00000284e4969520 JavaThread "Service Thread" daemon [_thread_blocked, id=2620, stack(0x00000095fe600000,0x00000095fe700000)]
  0x00000284e4969ee0 JavaThread "C2 CompilerThread0" daemon [_thread_in_native, id=5920, stack(0x00000095fe700000,0x00000095fe800000)]
  0x00000284e496a890 JavaThread "C1 CompilerThread0" daemon [_thread_blocked, id=20328, stack(0x00000095fe800000,0x00000095fe900000)]
  0x00000284e49796b0 JavaThread "Sweeper thread" daemon [_thread_blocked, id=2860, stack(0x00000095fe900000,0x00000095fea00000)]
  0x00000284e53aa790 JavaThread "Common-Cleaner" daemon [_thread_blocked, id=17040, stack(0x00000095fea00000,0x00000095feb00000)]
  0x00000284e53b4010 JavaThread "Notification Thread" daemon [_thread_blocked, id=15612, stack(0x00000095feb00000,0x00000095fec00000)]
  0x00000284e6f4c0d0 JavaThread "Daemon health stats" [_thread_blocked, id=18408, stack(0x00000095ff300000,0x00000095ff400000)]
  0x00000284e72d7f80 JavaThread "Incoming local TCP Connector on port 65534" [_thread_in_native, id=19484, stack(0x00000095ff600000,0x00000095ff700000)]
  0x00000284e65e5690 JavaThread "Daemon periodic checks" [_thread_blocked, id=19348, stack(0x00000095ff700000,0x00000095ff800000)]
  0x00000284e72b3100 JavaThread "Cache worker for file hash cache (C:\Users\aelsa\.gradle\caches\6.7\fileHashes)" [_thread_blocked, id=3524, stack(0x00000095fff00000,0x0000009600000000)]
  0x00000284e72b35d0 JavaThread "File lock request listener" [_thread_in_native, id=7200, stack(0x0000009580000000,0x0000009580100000)]
  0x00000284e72b0f50 JavaThread "Cache worker for journal cache (C:\Users\aelsa\.gradle\caches\journal-1)" [_thread_blocked, id=3316, stack(0x0000009580100000,0x0000009580200000)]
  0x00000284e89374a0 JavaThread "Cache worker for execution history cache (C:\Users\aelsa\.gradle\caches\6.7\executionHistory)" [_thread_blocked, id=14448, stack(0x0000009581d00000,0x0000009581e00000)]
  0x00000284e8935c90 JavaThread "Cache worker for file content cache (C:\Users\aelsa\.gradle\caches\6.7\fileContent)" [_thread_blocked, id=17848, stack(0x0000009581e00000,0x0000009581f00000)]
  0x00000284e8afe8f0 JavaThread "Memory manager" [_thread_blocked, id=15348, stack(0x0000009582100000,0x0000009582200000)]
  0x00000284e8933ae0 JavaThread "Cache worker for Java compile cache (C:\Users\aelsa\.gradle\caches\6.7\javaCompile)" [_thread_blocked, id=8096, stack(0x0000009582700000,0x0000009582800000)]
  0x00000284e72b1420 JavaThread "Daemon Thread 6" [_thread_blocked, id=14780, stack(0x0000009580200000,0x0000009580300000)]
  0x00000284e72b1dc0 JavaThread "Handler for socket connection from /127.0.0.1:65534 to /127.0.0.1:49343" [_thread_in_native, id=17824, stack(0x0000009580300000,0x0000009580400000)]
  0x00000284e72b18f0 JavaThread "Cancel handler" [_thread_blocked, id=3636, stack(0x0000009580500000,0x0000009580600000)]
  0x00000284e72b2290 JavaThread "Daemon worker Thread 6" [_thread_blocked, id=16448, stack(0x0000009580600000,0x0000009580700000)]
  0x00000284e72b2760 JavaThread "Asynchronous log dispatcher for DefaultDaemonConnection: socket connection from /127.0.0.1:65534 to /127.0.0.1:49343" [_thread_blocked, id=8820, stack(0x0000009580700000,0x0000009580800000)]
  0x00000284e72b00e0 JavaThread "Stdin handler" [_thread_blocked, id=19340, stack(0x0000009580800000,0x0000009580900000)]
  0x00000284e72b2c30 JavaThread "Thread-254" [_thread_blocked, id=8688, stack(0x0000009580900000,0x0000009580a00000)]
  0x00000284e8afc270 JavaThread "Cache worker for file hash cache (C:\_lab\pairingXP\VotingSys\.gradle\6.7\fileHashes)" [_thread_blocked, id=20212, stack(0x0000009580a00000,0x0000009580b00000)]
  0x00000284e8aff290 JavaThread "Cache worker for checksums cache (C:\_lab\pairingXP\VotingSys\.gradle\checksums)" [_thread_blocked, id=2772, stack(0x0000009580b00000,0x0000009580c00000)]
  0x00000284e8b00aa0 JavaThread "Cache worker for cache directory md-supplier (C:\Users\aelsa\.gradle\caches\6.7\md-supplier)" [_thread_blocked, id=12492, stack(0x0000009580c00000,0x0000009580d00000)]
  0x00000284e8afe420 JavaThread "Cache worker for cache directory md-rule (C:\Users\aelsa\.gradle\caches\6.7\md-rule)" [_thread_blocked, id=18508, stack(0x0000009580d00000,0x0000009580e00000)]
  0x00000284e8b02780 JavaThread "Cache worker for Build Output Cleanup Cache (C:\_lab\pairingXP\VotingSys\.gradle\buildOutputCleanup)" [_thread_blocked, id=5908, stack(0x0000009580e00000,0x0000009580f00000)]
  0x00000284e8b00100 JavaThread "Build operations" [_thread_blocked, id=2480, stack(0x0000009580f00000,0x0000009581000000)]
  0x00000284e8b01de0 JavaThread "Build operations Thread 2" [_thread_blocked, id=6492, stack(0x0000009581000000,0x0000009581100000)]
  0x00000284e8b01910 JavaThread "Build operations Thread 3" [_thread_blocked, id=7764, stack(0x0000009581100000,0x0000009581200000)]
  0x00000284e8b02c50 JavaThread "Build operations Thread 4" [_thread_blocked, id=6028, stack(0x0000009581200000,0x0000009581300000)]
  0x00000284e8affc30 JavaThread "Build operations Thread 5" [_thread_blocked, id=19876, stack(0x0000009581300000,0x0000009581400000)]
  0x00000284e8b00f70 JavaThread "Build operations Thread 6" [_thread_blocked, id=8308, stack(0x0000009581400000,0x0000009581500000)]
  0x00000284e8afcc10 JavaThread "Execution worker for ':'" [_thread_blocked, id=8092, stack(0x0000009581500000,0x0000009581600000)]
  0x00000284e8afd5b0 JavaThread "Execution worker for ':' Thread 2" [_thread_blocked, id=15300, stack(0x0000009581600000,0x0000009581700000)]
  0x00000284e8b03120 JavaThread "Execution worker for ':' Thread 3" [_thread_blocked, id=16940, stack(0x0000009581700000,0x0000009581800000)]
  0x00000284e8afb8d0 JavaThread "Execution worker for ':' Thread 4" [_thread_blocked, id=4396, stack(0x0000009581800000,0x0000009581900000)]
  0x00000284e8afbda0 JavaThread "Execution worker for ':' Thread 5" [_thread_blocked, id=8208, stack(0x0000009581900000,0x0000009581a00000)]
  0x00000284e8afda80 JavaThread "Execution worker for ':' Thread 6" [_thread_blocked, id=1752, stack(0x0000009581f00000,0x0000009582000000)]
=>0x00000284e8939180 JavaThread "Execution worker for ':' Thread 7" [_thread_in_Java, id=20024, stack(0x0000009582000000,0x0000009582100000)]
  0x00000284e893ae60 JavaThread "Cache worker for execution history cache (C:\_lab\pairingXP\VotingSys\.gradle\6.7\executionHistory)" [_thread_blocked, id=19412, stack(0x0000009582400000,0x0000009582500000)]
  0x00000284e8938310 JavaThread "Cache worker for Java compile cache (C:\_lab\pairingXP\VotingSys\.gradle\6.7\javaCompile)" [_thread_blocked, id=15896, stack(0x0000009582500000,0x0000009582600000)]
  0x00000284f0742a40 JavaThread "C2 CompilerThread1" daemon [_thread_blocked, id=5912, stack(0x0000009582600000,0x0000009582700000)]
  0x00000284f073e870 JavaThread "C2 CompilerThread2" daemon [_thread_in_native, id=16500, stack(0x0000009582800000,0x0000009582900000)]

Other Threads:
  0x00000284e4943060 VMThread "VM Thread" [stack: 0x00000095fe100000,0x00000095fe200000] [id=12024]
  0x00000284e53dcb20 WatcherThread [stack: 0x00000095fec00000,0x00000095fed00000] [id=18832]
  0x00000284c96ecec0 GCTaskThread "GC Thread#0" [stack: 0x00000095fdc00000,0x00000095fdd00000] [id=17220]
  0x00000284e5b15aa0 GCTaskThread "GC Thread#1" [stack: 0x00000095fee00000,0x00000095fef00000] [id=9492]
  0x00000284e5b16430 GCTaskThread "GC Thread#2" [stack: 0x00000095fef00000,0x00000095ff000000] [id=9180]
  0x00000284e5b16760 GCTaskThread "GC Thread#3" [stack: 0x00000095ff000000,0x00000095ff100000] [id=19788]
  0x00000284e5b15dd0 GCTaskThread "GC Thread#4" [stack: 0x00000095ff100000,0x00000095ff200000] [id=18876]
  0x00000284e5b13df0 GCTaskThread "GC Thread#5" [stack: 0x00000095ff200000,0x00000095ff300000] [id=17724]
  0x00000284e5b14de0 GCTaskThread "GC Thread#6" [stack: 0x0000009581a00000,0x0000009581b00000] [id=3128]
  0x00000284e5b17420 GCTaskThread "GC Thread#7" [stack: 0x0000009581b00000,0x0000009581c00000] [id=18124]
  0x00000284c96f3030 ConcurrentGCThread "G1 Main Marker" [stack: 0x00000095fdd00000,0x00000095fde00000] [id=18072]
  0x00000284c96f42d0 ConcurrentGCThread "G1 Conc#0" [stack: 0x00000095fde00000,0x00000095fdf00000] [id=4352]
  0x00000284e5b13ac0 ConcurrentGCThread "G1 Conc#1" [stack: 0x0000009581c00000,0x0000009581d00000] [id=7564]
  0x00000284c978b190 ConcurrentGCThread "G1 Refine#0" [stack: 0x00000095fdf00000,0x00000095fe000000] [id=19888]
  0x00000284e7267790 ConcurrentGCThread "G1 Refine#1" [stack: 0x0000009582200000,0x0000009582300000] [id=12720]
  0x00000284e7267e50 ConcurrentGCThread "G1 Refine#2" [stack: 0x0000009582300000,0x0000009582400000] [id=1940]
  0x00000284c978bca0 ConcurrentGCThread "G1 Young RemSet Sampling" [stack: 0x00000095fe000000,0x00000095fe100000] [id=17964]

Threads with active compile tasks:
C2 CompilerThread0  1647865 10472       4       com.sun.tools.javac.code.Symtab::enterPackage (79 bytes)
C2 CompilerThread2  1647865 10494       4       com.sun.tools.javac.code.Symtab::enterClass (71 bytes)

VM state: not at safepoint (normal execution)

VM Mutex/Monitor currently owned by a thread: None

Heap address: 0x00000000e0000000, size: 512 MB, Compressed Oops mode: 32-bit
CDS archive(s) mapped at: [0x0000000800000000-0x0000000800b50000-0x0000000800b50000), size 11862016, SharedBaseAddress: 0x0000000800000000, ArchiveRelocationMode: 0.
Compressed class space mapped at: 0x0000000800b50000-0x0000000810350000, size: 260046848
Narrow klass base: 0x0000000800000000, Narrow klass shift: 3, Narrow klass range: 0x100000000

GC Precious Log:
 CPUs: 8 total, 8 available
 Memory: 7778M
 Large Page Support: Disabled
 NUMA Support: Disabled
 Compressed Oops: Enabled (32-bit)
 Heap Region Size: 1M
 Heap Min Capacity: 256M
 Heap Initial Capacity: 256M
 Heap Max Capacity: 512M
 Pre-touch: Disabled
 Parallel Workers: 8
 Concurrent Workers: 2
 Concurrent Refinement Workers: 8
 Periodic GC: Disabled

Heap:
 garbage-first heap   total 262144K, used 127399K [0x00000000e0000000, 0x0000000100000000)
  region size 1024K, 70 young (71680K), 11 survivors (11264K)
 Metaspace       used 69554K, capacity 71438K, committed 71600K, reserved 317440K
  class space    used 8983K, capacity 9631K, committed 9728K, reserved 253952K

Heap Regions: E=young(eden), S=young(survivor), O=old, HS=humongous(starts), HC=humongous(continues), CS=collection set, F=free, OA=open archive, CA=closed archive, TAMS=top-at-mark-start (previous, next)
|   0|0x00000000e0000000, 0x00000000e0100000, 0x00000000e0100000|100%| O|  |TAMS 0x00000000e0100000, 0x00000000e0000000| Untracked 
|   1|0x00000000e0100000, 0x00000000e0200000, 0x00000000e0200000|100%| O|  |TAMS 0x00000000e0200000, 0x00000000e0100000| Untracked 
|   2|0x00000000e0200000, 0x00000000e0300000, 0x00000000e0300000|100%| O|  |TAMS 0x00000000e0300000, 0x00000000e0200000| Untracked 
|   3|0x00000000e0300000, 0x00000000e0400000, 0x00000000e0400000|100%|HS|  |TAMS 0x00000000e0400000, 0x00000000e0300000| Complete 
|   4|0x00000000e0400000, 0x00000000e0500000, 0x00000000e0500000|100%|HC|  |TAMS 0x00000000e0500000, 0x00000000e0400000| Complete 
|   5|0x00000000e0500000, 0x00000000e0600000, 0x00000000e0600000|100%|HC|  |TAMS 0x00000000e0600000, 0x00000000e0500000| Complete 
|   6|0x00000000e0600000, 0x00000000e0700000, 0x00000000e0700000|100%| O|  |TAMS 0x00000000e0700000, 0x00000000e0600000| Untracked 
|   7|0x00000000e0700000, 0x00000000e0800000, 0x00000000e0800000|100%| O|  |TAMS 0x00000000e0800000, 0x00000000e0700000| Untracked 
|   8|0x00000000e0800000, 0x00000000e0900000, 0x00000000e0900000|100%| O|  |TAMS 0x00000000e0900000, 0x00000000e0800000| Untracked 
|   9|0x00000000e0900000, 0x00000000e0a00000, 0x00000000e0a00000|100%|HS|  |TAMS 0x00000000e0a00000, 0x00000000e0900000| Complete 
|  10|0x00000000e0a00000, 0x00000000e0b00000, 0x00000000e0b00000|100%|HC|  |TAMS 0x00000000e0b00000, 0x00000000e0a00000| Complete 
|  11|0x00000000e0b00000, 0x00000000e0c00000, 0x00000000e0c00000|100%|HS|  |TAMS 0x00000000e0c00000, 0x00000000e0b00000| Complete 
|  12|0x00000000e0c00000, 0x00000000e0d00000, 0x00000000e0d00000|100%|HC|  |TAMS 0x00000000e0d00000, 0x00000000e0c00000| Complete 
|  13|0x00000000e0d00000, 0x00000000e0e00000, 0x00000000e0e00000|100%|HC|  |TAMS 0x00000000e0e00000, 0x00000000e0d00000| Complete 
|  14|0x00000000e0e00000, 0x00000000e0f00000, 0x00000000e0f00000|100%|HS|  |TAMS 0x00000000e0f00000, 0x00000000e0e00000| Complete 
|  15|0x00000000e0f00000, 0x00000000e1000000, 0x00000000e1000000|100%|HC|  |TAMS 0x00000000e1000000, 0x00000000e0f00000| Complete 
|  16|0x00000000e1000000, 0x00000000e1100000, 0x00000000e1100000|100%|HC|  |TAMS 0x00000000e1100000, 0x00000000e1000000| Complete 
|  17|0x00000000e1100000, 0x00000000e1200000, 0x00000000e1200000|100%|HC|  |TAMS 0x00000000e1200000, 0x00000000e1100000| Complete 
|  18|0x00000000e1200000, 0x00000000e1300000, 0x00000000e1300000|100%| O|  |TAMS 0x00000000e1300000, 0x00000000e1200000| Untracked 
|  19|0x00000000e1300000, 0x00000000e1400000, 0x00000000e1400000|100%| O|  |TAMS 0x00000000e1400000, 0x00000000e1300000| Untracked 
|  20|0x00000000e1400000, 0x00000000e1500000, 0x00000000e1500000|100%| O|  |TAMS 0x00000000e1500000, 0x00000000e1400000| Untracked 
|  21|0x00000000e1500000, 0x00000000e1600000, 0x00000000e1600000|100%|HS|  |TAMS 0x00000000e1600000, 0x00000000e1500000| Complete 
|  22|0x00000000e1600000, 0x00000000e1700000, 0x00000000e1700000|100%|HC|  |TAMS 0x00000000e1700000, 0x00000000e1600000| Complete 
|  23|0x00000000e1700000, 0x00000000e1800000, 0x00000000e1800000|100%|HC|  |TAMS 0x00000000e1800000, 0x00000000e1700000| Complete 
|  24|0x00000000e1800000, 0x00000000e1900000, 0x00000000e1900000|100%|HC|  |TAMS 0x00000000e1900000, 0x00000000e1800000| Complete 
|  25|0x00000000e1900000, 0x00000000e1a00000, 0x00000000e1a00000|100%|HS|  |TAMS 0x00000000e1a00000, 0x00000000e1900000| Complete 
|  26|0x00000000e1a00000, 0x00000000e1b00000, 0x00000000e1b00000|100%|HC|  |TAMS 0x00000000e1b00000, 0x00000000e1a00000| Complete 
|  27|0x00000000e1b00000, 0x00000000e1c00000, 0x00000000e1c00000|100%|HC|  |TAMS 0x00000000e1c00000, 0x00000000e1b00000| Complete 
|  28|0x00000000e1c00000, 0x00000000e1d00000, 0x00000000e1d00000|100%| O|  |TAMS 0x00000000e1d00000, 0x00000000e1c00000| Untracked 
|  29|0x00000000e1d00000, 0x00000000e1e00000, 0x00000000e1e00000|100%| O|  |TAMS 0x00000000e1e00000, 0x00000000e1d00000| Untracked 
|  30|0x00000000e1e00000, 0x00000000e1f00000, 0x00000000e1f00000|100%| O|  |TAMS 0x00000000e1f00000, 0x00000000e1e00000| Untracked 
|  31|0x00000000e1f00000, 0x00000000e2000000, 0x00000000e2000000|100%| O|  |TAMS 0x00000000e2000000, 0x00000000e1f00000| Untracked 
|  32|0x00000000e2000000, 0x00000000e2100000, 0x00000000e2100000|100%| O|  |TAMS 0x00000000e2100000, 0x00000000e2000000| Untracked 
|  33|0x00000000e2100000, 0x00000000e2200000, 0x00000000e2200000|100%| O|  |TAMS 0x00000000e2200000, 0x00000000e2100000| Untracked 
|  34|0x00000000e2200000, 0x00000000e2300000, 0x00000000e2300000|100%| O|  |TAMS 0x00000000e2300000, 0x00000000e2200000| Untracked 
|  35|0x00000000e2300000, 0x00000000e2400000, 0x00000000e2400000|100%| O|  |TAMS 0x00000000e2400000, 0x00000000e2300000| Untracked 
|  36|0x00000000e2400000, 0x00000000e2500000, 0x00000000e2500000|100%| O|  |TAMS 0x00000000e244c000, 0x00000000e2400000| Untracked 
|  37|0x00000000e2500000, 0x00000000e2600000, 0x00000000e2600000|100%| O|  |TAMS 0x00000000e2500000, 0x00000000e2500000| Untracked 
|  38|0x00000000e2600000, 0x00000000e2700000, 0x00000000e2700000|100%| O|  |TAMS 0x00000000e2600000, 0x00000000e2600000| Untracked 
|  39|0x00000000e2700000, 0x00000000e2800000, 0x00000000e2800000|100%| O|  |TAMS 0x00000000e2700000, 0x00000000e2700000| Untracked 
|  40|0x00000000e2800000, 0x00000000e2900000, 0x00000000e2900000|100%| O|  |TAMS 0x00000000e2800000, 0x00000000e2800000| Untracked 
|  41|0x00000000e2900000, 0x00000000e2a00000, 0x00000000e2a00000|100%| O|  |TAMS 0x00000000e2900000, 0x00000000e2900000| Untracked 
|  42|0x00000000e2a00000, 0x00000000e2b00000, 0x00000000e2b00000|100%| O|  |TAMS 0x00000000e2a00000, 0x00000000e2a00000| Untracked 
|  43|0x00000000e2b00000, 0x00000000e2c00000, 0x00000000e2c00000|100%| O|  |TAMS 0x00000000e2b00000, 0x00000000e2b00000| Untracked 
|  44|0x00000000e2c00000, 0x00000000e2d00000, 0x00000000e2d00000|100%| O|  |TAMS 0x00000000e2c00000, 0x00000000e2c00000| Untracked 
|  45|0x00000000e2d00000, 0x00000000e2e00000, 0x00000000e2e00000|100%| O|  |TAMS 0x00000000e2d00000, 0x00000000e2d00000| Untracked 
|  46|0x00000000e2e00000, 0x00000000e2f00000, 0x00000000e2f00000|100%| O|  |TAMS 0x00000000e2e00000, 0x00000000e2e00000| Untracked 
|  47|0x00000000e2f00000, 0x00000000e3000000, 0x00000000e3000000|100%| O|  |TAMS 0x00000000e2f00000, 0x00000000e2f00000| Untracked 
|  48|0x00000000e3000000, 0x00000000e3100000, 0x00000000e3100000|100%| O|  |TAMS 0x00000000e3000000, 0x00000000e3000000| Untracked 
|  49|0x00000000e3100000, 0x00000000e3200000, 0x00000000e3200000|100%| O|  |TAMS 0x00000000e3100000, 0x00000000e3100000| Untracked 
|  50|0x00000000e3200000, 0x00000000e3300000, 0x00000000e3300000|100%| O|  |TAMS 0x00000000e3200000, 0x00000000e3200000| Untracked 
|  51|0x00000000e3300000, 0x00000000e3400000, 0x00000000e3400000|100%| O|  |TAMS 0x00000000e3300000, 0x00000000e3300000| Untracked 
|  52|0x00000000e3400000, 0x00000000e3500000, 0x00000000e3500000|100%| O|  |TAMS 0x00000000e3400000, 0x00000000e3400000| Untracked 
|  53|0x00000000e3500000, 0x00000000e3600000, 0x00000000e3600000|100%| O|  |TAMS 0x00000000e3500000, 0x00000000e3500000| Untracked 
|  54|0x00000000e3600000, 0x00000000e3700000, 0x00000000e3700000|100%| O|  |TAMS 0x00000000e3600000, 0x00000000e3600000| Untracked 
|  55|0x00000000e3700000, 0x00000000e3800000, 0x00000000e3800000|100%| O|  |TAMS 0x00000000e3700000, 0x00000000e3700000| Untracked 
|  56|0x00000000e3800000, 0x00000000e3873a00, 0x00000000e3900000| 45%| O|  |TAMS 0x00000000e3800000, 0x00000000e3800000| Untracked 
|  57|0x00000000e3900000, 0x00000000e3900000, 0x00000000e3a00000|  0%| F|  |TAMS 0x00000000e3900000, 0x00000000e3900000| Untracked 
|  58|0x00000000e3a00000, 0x00000000e3a00000, 0x00000000e3b00000|  0%| F|  |TAMS 0x00000000e3a00000, 0x00000000e3a00000| Untracked 
|  59|0x00000000e3b00000, 0x00000000e3b00000, 0x00000000e3c00000|  0%| F|  |TAMS 0x00000000e3b00000, 0x00000000e3b00000| Untracked 
|  60|0x00000000e3c00000, 0x00000000e3c00000, 0x00000000e3d00000|  0%| F|  |TAMS 0x00000000e3c00000, 0x00000000e3c00000| Untracked 
|  61|0x00000000e3d00000, 0x00000000e3d00000, 0x00000000e3e00000|  0%| F|  |TAMS 0x00000000e3d00000, 0x00000000e3d00000| Untracked 
|  62|0x00000000e3e00000, 0x00000000e3e00000, 0x00000000e3f00000|  0%| F|  |TAMS 0x00000000e3e00000, 0x00000000e3e00000| Untracked 
|  63|0x00000000e3f00000, 0x00000000e3f00000, 0x00000000e4000000|  0%| F|  |TAMS 0x00000000e3f00000, 0x00000000e3f00000| Untracked 
|  64|0x00000000e4000000, 0x00000000e4000000, 0x00000000e4100000|  0%| F|  |TAMS 0x00000000e4000000, 0x00000000e4000000| Untracked 
|  65|0x00000000e4100000, 0x00000000e4100000, 0x00000000e4200000|  0%| F|  |TAMS 0x00000000e4100000, 0x00000000e4100000| Untracked 
|  66|0x00000000e4200000, 0x00000000e4200000, 0x00000000e4300000|  0%| F|  |TAMS 0x00000000e4200000, 0x00000000e4200000| Untracked 
|  67|0x00000000e4300000, 0x00000000e4300000, 0x00000000e4400000|  0%| F|  |TAMS 0x00000000e4300000, 0x00000000e4300000| Untracked 
|  68|0x00000000e4400000, 0x00000000e4400000, 0x00000000e4500000|  0%| F|  |TAMS 0x00000000e4400000, 0x00000000e4400000| Untracked 
|  69|0x00000000e4500000, 0x00000000e4500000, 0x00000000e4600000|  0%| F|  |TAMS 0x00000000e4500000, 0x00000000e4500000| Untracked 
|  70|0x00000000e4600000, 0x00000000e4600000, 0x00000000e4700000|  0%| F|  |TAMS 0x00000000e4600000, 0x00000000e4600000| Untracked 
|  71|0x00000000e4700000, 0x00000000e4700000, 0x00000000e4800000|  0%| F|  |TAMS 0x00000000e4700000, 0x00000000e4700000| Untracked 
|  72|0x00000000e4800000, 0x00000000e4800000, 0x00000000e4900000|  0%| F|  |TAMS 0x00000000e4800000, 0x00000000e4800000| Untracked 
|  73|0x00000000e4900000, 0x00000000e4900000, 0x00000000e4a00000|  0%| F|  |TAMS 0x00000000e4900000, 0x00000000e4900000| Untracked 
|  74|0x00000000e4a00000, 0x00000000e4a00000, 0x00000000e4b00000|  0%| F|  |TAMS 0x00000000e4a00000, 0x00000000e4a00000| Untracked 
|  75|0x00000000e4b00000, 0x00000000e4b00000, 0x00000000e4c00000|  0%| F|  |TAMS 0x00000000e4b00000, 0x00000000e4b00000| Untracked 
|  76|0x00000000e4c00000, 0x00000000e4c00000, 0x00000000e4d00000|  0%| F|  |TAMS 0x00000000e4c00000, 0x00000000e4c00000| Untracked 
|  77|0x00000000e4d00000, 0x00000000e4d00000, 0x00000000e4e00000|  0%| F|  |TAMS 0x00000000e4d00000, 0x00000000e4d00000| Untracked 
|  78|0x00000000e4e00000, 0x00000000e4e00000, 0x00000000e4f00000|  0%| F|  |TAMS 0x00000000e4e00000, 0x00000000e4e00000| Untracked 
|  79|0x00000000e4f00000, 0x00000000e4f00000, 0x00000000e5000000|  0%| F|  |TAMS 0x00000000e4f00000, 0x00000000e4f00000| Untracked 
|  80|0x00000000e5000000, 0x00000000e5000000, 0x00000000e5100000|  0%| F|  |TAMS 0x00000000e5000000, 0x00000000e5000000| Untracked 
|  81|0x00000000e5100000, 0x00000000e5100000, 0x00000000e5200000|  0%| F|  |TAMS 0x00000000e5100000, 0x00000000e5100000| Untracked 
|  82|0x00000000e5200000, 0x00000000e5200000, 0x00000000e5300000|  0%| F|  |TAMS 0x00000000e5200000, 0x00000000e5200000| Untracked 
|  83|0x00000000e5300000, 0x00000000e5300000, 0x00000000e5400000|  0%| F|  |TAMS 0x00000000e5300000, 0x00000000e5300000| Untracked 
|  84|0x00000000e5400000, 0x00000000e5400000, 0x00000000e5500000|  0%| F|  |TAMS 0x00000000e5400000, 0x00000000e5400000| Untracked 
|  85|0x00000000e5500000, 0x00000000e5500000, 0x00000000e5600000|  0%| F|  |TAMS 0x00000000e5500000, 0x00000000e5500000| Untracked 
|  86|0x00000000e5600000, 0x00000000e5600000, 0x00000000e5700000|  0%| F|  |TAMS 0x00000000e5600000, 0x00000000e5600000| Untracked 
|  87|0x00000000e5700000, 0x00000000e5700000, 0x00000000e5800000|  0%| F|  |TAMS 0x00000000e5700000, 0x00000000e5700000| Untracked 
|  88|0x00000000e5800000, 0x00000000e5800000, 0x00000000e5900000|  0%| F|  |TAMS 0x00000000e5800000, 0x00000000e5800000| Untracked 
|  89|0x00000000e5900000, 0x00000000e5900000, 0x00000000e5a00000|  0%| F|  |TAMS 0x00000000e5900000, 0x00000000e5900000| Untracked 
|  90|0x00000000e5a00000, 0x00000000e5a00000, 0x00000000e5b00000|  0%| F|  |TAMS 0x00000000e5a00000, 0x00000000e5a00000| Untracked 
|  91|0x00000000e5b00000, 0x00000000e5b00000, 0x00000000e5c00000|  0%| F|  |TAMS 0x00000000e5b00000, 0x00000000e5b00000| Untracked 
|  92|0x00000000e5c00000, 0x00000000e5c00000, 0x00000000e5d00000|  0%| F|  |TAMS 0x00000000e5c00000, 0x00000000e5c00000| Untracked 
|  93|0x00000000e5d00000, 0x00000000e5d00000, 0x00000000e5e00000|  0%| F|  |TAMS 0x00000000e5d00000, 0x00000000e5d00000| Untracked 
|  94|0x00000000e5e00000, 0x00000000e5e00000, 0x00000000e5f00000|  0%| F|  |TAMS 0x00000000e5e00000, 0x00000000e5e00000| Untracked 
|  95|0x00000000e5f00000, 0x00000000e5f00000, 0x00000000e6000000|  0%| F|  |TAMS 0x00000000e5f00000, 0x00000000e5f00000| Untracked 
|  96|0x00000000e6000000, 0x00000000e6000000, 0x00000000e6100000|  0%| F|  |TAMS 0x00000000e6000000, 0x00000000e6000000| Untracked 
|  97|0x00000000e6100000, 0x00000000e6100000, 0x00000000e6200000|  0%| F|  |TAMS 0x00000000e6100000, 0x00000000e6100000| Untracked 
|  98|0x00000000e6200000, 0x00000000e6200000, 0x00000000e6300000|  0%| F|  |TAMS 0x00000000e6200000, 0x00000000e6200000| Untracked 
|  99|0x00000000e6300000, 0x00000000e6300000, 0x00000000e6400000|  0%| F|  |TAMS 0x00000000e6300000, 0x00000000e6300000| Untracked 
| 100|0x00000000e6400000, 0x00000000e6400000, 0x00000000e6500000|  0%| F|  |TAMS 0x00000000e6400000, 0x00000000e6400000| Untracked 
| 101|0x00000000e6500000, 0x00000000e6500000, 0x00000000e6600000|  0%| F|  |TAMS 0x00000000e6500000, 0x00000000e6500000| Untracked 
| 102|0x00000000e6600000, 0x00000000e6600000, 0x00000000e6700000|  0%| F|  |TAMS 0x00000000e6600000, 0x00000000e6600000| Untracked 
| 103|0x00000000e6700000, 0x00000000e6700000, 0x00000000e6800000|  0%| F|  |TAMS 0x00000000e6700000, 0x00000000e6700000| Untracked 
| 104|0x00000000e6800000, 0x00000000e6800000, 0x00000000e6900000|  0%| F|  |TAMS 0x00000000e6800000, 0x00000000e6800000| Untracked 
| 105|0x00000000e6900000, 0x00000000e6900000, 0x00000000e6a00000|  0%| F|  |TAMS 0x00000000e6900000, 0x00000000e6900000| Untracked 
| 106|0x00000000e6a00000, 0x00000000e6af6558, 0x00000000e6b00000| 96%| S|CS|TAMS 0x00000000e6a00000, 0x00000000e6a00000| Complete 
| 107|0x00000000e6b00000, 0x00000000e6c00000, 0x00000000e6c00000|100%| S|CS|TAMS 0x00000000e6b00000, 0x00000000e6b00000| Complete 
| 108|0x00000000e6c00000, 0x00000000e6d00000, 0x00000000e6d00000|100%| S|CS|TAMS 0x00000000e6c00000, 0x00000000e6c00000| Complete 
| 109|0x00000000e6d00000, 0x00000000e6e00000, 0x00000000e6e00000|100%| S|CS|TAMS 0x00000000e6d00000, 0x00000000e6d00000| Complete 
| 110|0x00000000e6e00000, 0x00000000e6f00000, 0x00000000e6f00000|100%| S|CS|TAMS 0x00000000e6e00000, 0x00000000e6e00000| Complete 
| 111|0x00000000e6f00000, 0x00000000e7000000, 0x00000000e7000000|100%| S|CS|TAMS 0x00000000e6f00000, 0x00000000e6f00000| Complete 
| 112|0x00000000e7000000, 0x00000000e7100000, 0x00000000e7100000|100%| S|CS|TAMS 0x00000000e7000000, 0x00000000e7000000| Complete 
| 113|0x00000000e7100000, 0x00000000e7200000, 0x00000000e7200000|100%| S|CS|TAMS 0x00000000e7100000, 0x00000000e7100000| Complete 
| 114|0x00000000e7200000, 0x00000000e7300000, 0x00000000e7300000|100%| S|CS|TAMS 0x00000000e7200000, 0x00000000e7200000| Complete 
| 115|0x00000000e7300000, 0x00000000e7400000, 0x00000000e7400000|100%| S|CS|TAMS 0x00000000e7300000, 0x00000000e7300000| Complete 
| 116|0x00000000e7400000, 0x00000000e7500000, 0x00000000e7500000|100%| S|CS|TAMS 0x00000000e7400000, 0x00000000e7400000| Complete 
| 117|0x00000000e7500000, 0x00000000e7500000, 0x00000000e7600000|  0%| F|  |TAMS 0x00000000e7500000, 0x00000000e7500000| Untracked 
| 118|0x00000000e7600000, 0x00000000e7600000, 0x00000000e7700000|  0%| F|  |TAMS 0x00000000e7600000, 0x00000000e7600000| Untracked 
| 119|0x00000000e7700000, 0x00000000e7700000, 0x00000000e7800000|  0%| F|  |TAMS 0x00000000e7700000, 0x00000000e7700000| Untracked 
| 120|0x00000000e7800000, 0x00000000e7800000, 0x00000000e7900000|  0%| F|  |TAMS 0x00000000e7800000, 0x00000000e7800000| Untracked 
| 121|0x00000000e7900000, 0x00000000e7900000, 0x00000000e7a00000|  0%| F|  |TAMS 0x00000000e7900000, 0x00000000e7900000| Untracked 
| 122|0x00000000e7a00000, 0x00000000e7a00000, 0x00000000e7b00000|  0%| F|  |TAMS 0x00000000e7a00000, 0x00000000e7a00000| Untracked 
| 123|0x00000000e7b00000, 0x00000000e7b00000, 0x00000000e7c00000|  0%| F|  |TAMS 0x00000000e7b00000, 0x00000000e7b00000| Untracked 
| 124|0x00000000e7c00000, 0x00000000e7c00000, 0x00000000e7d00000|  0%| F|  |TAMS 0x00000000e7c00000, 0x00000000e7c00000| Untracked 
| 125|0x00000000e7d00000, 0x00000000e7d00000, 0x00000000e7e00000|  0%| F|  |TAMS 0x00000000e7d00000, 0x00000000e7d00000| Untracked 
| 126|0x00000000e7e00000, 0x00000000e7e00000, 0x00000000e7f00000|  0%| F|  |TAMS 0x00000000e7e00000, 0x00000000e7e00000| Untracked 
| 127|0x00000000e7f00000, 0x00000000e7f00000, 0x00000000e8000000|  0%| F|  |TAMS 0x00000000e7f00000, 0x00000000e7f00000| Untracked 
| 128|0x00000000e8000000, 0x00000000e8000000, 0x00000000e8100000|  0%| F|  |TAMS 0x00000000e8000000, 0x00000000e8000000| Untracked 
| 129|0x00000000e8100000, 0x00000000e8100000, 0x00000000e8200000|  0%| F|  |TAMS 0x00000000e8100000, 0x00000000e8100000| Untracked 
| 130|0x00000000e8200000, 0x00000000e8200000, 0x00000000e8300000|  0%| F|  |TAMS 0x00000000e8200000, 0x00000000e8200000| Untracked 
| 131|0x00000000e8300000, 0x00000000e8300000, 0x00000000e8400000|  0%| F|  |TAMS 0x00000000e8300000, 0x00000000e8300000| Untracked 
| 132|0x00000000e8400000, 0x00000000e8400000, 0x00000000e8500000|  0%| F|  |TAMS 0x00000000e8400000, 0x00000000e8400000| Untracked 
| 133|0x00000000e8500000, 0x00000000e8500000, 0x00000000e8600000|  0%| F|  |TAMS 0x00000000e8500000, 0x00000000e8500000| Untracked 
| 134|0x00000000e8600000, 0x00000000e8600000, 0x00000000e8700000|  0%| F|  |TAMS 0x00000000e8600000, 0x00000000e8600000| Untracked 
| 135|0x00000000e8700000, 0x00000000e8700000, 0x00000000e8800000|  0%| F|  |TAMS 0x00000000e8700000, 0x00000000e8700000| Untracked 
| 136|0x00000000e8800000, 0x00000000e8800000, 0x00000000e8900000|  0%| F|  |TAMS 0x00000000e8800000, 0x00000000e8800000| Untracked 
| 137|0x00000000e8900000, 0x00000000e8900000, 0x00000000e8a00000|  0%| F|  |TAMS 0x00000000e8900000, 0x00000000e8900000| Untracked 
| 138|0x00000000e8a00000, 0x00000000e8a00000, 0x00000000e8b00000|  0%| F|  |TAMS 0x00000000e8a00000, 0x00000000e8a00000| Untracked 
| 139|0x00000000e8b00000, 0x00000000e8b00000, 0x00000000e8c00000|  0%| F|  |TAMS 0x00000000e8b00000, 0x00000000e8b00000| Untracked 
| 140|0x00000000e8c00000, 0x00000000e8c00000, 0x00000000e8d00000|  0%| F|  |TAMS 0x00000000e8c00000, 0x00000000e8c00000| Untracked 
| 141|0x00000000e8d00000, 0x00000000e8d00000, 0x00000000e8e00000|  0%| F|  |TAMS 0x00000000e8d00000, 0x00000000e8d00000| Untracked 
| 142|0x00000000e8e00000, 0x00000000e8e00000, 0x00000000e8f00000|  0%| F|  |TAMS 0x00000000e8e00000, 0x00000000e8e00000| Untracked 
| 143|0x00000000e8f00000, 0x00000000e8f00000, 0x00000000e9000000|  0%| F|  |TAMS 0x00000000e8f00000, 0x00000000e8f00000| Untracked 
| 144|0x00000000e9000000, 0x00000000e9000000, 0x00000000e9100000|  0%| F|  |TAMS 0x00000000e9000000, 0x00000000e9000000| Untracked 
| 145|0x00000000e9100000, 0x00000000e9100000, 0x00000000e9200000|  0%| F|  |TAMS 0x00000000e9100000, 0x00000000e9100000| Untracked 
| 146|0x00000000e9200000, 0x00000000e9200000, 0x00000000e9300000|  0%| F|  |TAMS 0x00000000e9200000, 0x00000000e9200000| Untracked 
| 147|0x00000000e9300000, 0x00000000e9300000, 0x00000000e9400000|  0%| F|  |TAMS 0x00000000e9300000, 0x00000000e9300000| Untracked 
| 148|0x00000000e9400000, 0x00000000e9400000, 0x00000000e9500000|  0%| F|  |TAMS 0x00000000e9400000, 0x00000000e9400000| Untracked 
| 149|0x00000000e9500000, 0x00000000e9500000, 0x00000000e9600000|  0%| F|  |TAMS 0x00000000e9500000, 0x00000000e9500000| Untracked 
| 150|0x00000000e9600000, 0x00000000e9600000, 0x00000000e9700000|  0%| F|  |TAMS 0x00000000e9600000, 0x00000000e9600000| Untracked 
| 151|0x00000000e9700000, 0x00000000e9700000, 0x00000000e9800000|  0%| F|  |TAMS 0x00000000e9700000, 0x00000000e9700000| Untracked 
| 152|0x00000000e9800000, 0x00000000e9800000, 0x00000000e9900000|  0%| F|  |TAMS 0x00000000e9800000, 0x00000000e9800000| Untracked 
| 153|0x00000000e9900000, 0x00000000e9900000, 0x00000000e9a00000|  0%| F|  |TAMS 0x00000000e9900000, 0x00000000e9900000| Untracked 
| 154|0x00000000e9a00000, 0x00000000e9a00000, 0x00000000e9b00000|  0%| F|  |TAMS 0x00000000e9a00000, 0x00000000e9a00000| Untracked 
| 155|0x00000000e9b00000, 0x00000000e9b00000, 0x00000000e9c00000|  0%| F|  |TAMS 0x00000000e9b00000, 0x00000000e9b00000| Untracked 
| 156|0x00000000e9c00000, 0x00000000e9c00000, 0x00000000e9d00000|  0%| F|  |TAMS 0x00000000e9c00000, 0x00000000e9c00000| Untracked 
| 157|0x00000000e9d00000, 0x00000000e9d00000, 0x00000000e9e00000|  0%| F|  |TAMS 0x00000000e9d00000, 0x00000000e9d00000| Untracked 
| 158|0x00000000e9e00000, 0x00000000e9e00000, 0x00000000e9f00000|  0%| F|  |TAMS 0x00000000e9e00000, 0x00000000e9e00000| Untracked 
| 159|0x00000000e9f00000, 0x00000000e9f00000, 0x00000000ea000000|  0%| F|  |TAMS 0x00000000e9f00000, 0x00000000e9f00000| Untracked 
| 160|0x00000000ea000000, 0x00000000ea000000, 0x00000000ea100000|  0%| F|  |TAMS 0x00000000ea000000, 0x00000000ea000000| Untracked 
| 161|0x00000000ea100000, 0x00000000ea100000, 0x00000000ea200000|  0%| F|  |TAMS 0x00000000ea100000, 0x00000000ea100000| Untracked 
| 162|0x00000000ea200000, 0x00000000ea200000, 0x00000000ea300000|  0%| F|  |TAMS 0x00000000ea200000, 0x00000000ea200000| Untracked 
| 163|0x00000000ea300000, 0x00000000ea300000, 0x00000000ea400000|  0%| F|  |TAMS 0x00000000ea300000, 0x00000000ea300000| Untracked 
| 164|0x00000000ea400000, 0x00000000ea400000, 0x00000000ea500000|  0%| F|  |TAMS 0x00000000ea400000, 0x00000000ea400000| Untracked 
| 165|0x00000000ea500000, 0x00000000ea500000, 0x00000000ea600000|  0%| F|  |TAMS 0x00000000ea500000, 0x00000000ea500000| Untracked 
| 166|0x00000000ea600000, 0x00000000ea600000, 0x00000000ea700000|  0%| F|  |TAMS 0x00000000ea600000, 0x00000000ea600000| Untracked 
| 167|0x00000000ea700000, 0x00000000ea700000, 0x00000000ea800000|  0%| F|  |TAMS 0x00000000ea700000, 0x00000000ea700000| Untracked 
| 168|0x00000000ea800000, 0x00000000ea800000, 0x00000000ea900000|  0%| F|  |TAMS 0x00000000ea800000, 0x00000000ea800000| Untracked 
| 169|0x00000000ea900000, 0x00000000ea900000, 0x00000000eaa00000|  0%| F|  |TAMS 0x00000000ea900000, 0x00000000ea900000| Untracked 
| 170|0x00000000eaa00000, 0x00000000eaa00000, 0x00000000eab00000|  0%| F|  |TAMS 0x00000000eaa00000, 0x00000000eaa00000| Untracked 
| 171|0x00000000eab00000, 0x00000000eab00000, 0x00000000eac00000|  0%| F|  |TAMS 0x00000000eab00000, 0x00000000eab00000| Untracked 
| 172|0x00000000eac00000, 0x00000000eac00000, 0x00000000ead00000|  0%| F|  |TAMS 0x00000000eac00000, 0x00000000eac00000| Untracked 
| 173|0x00000000ead00000, 0x00000000ead00000, 0x00000000eae00000|  0%| F|  |TAMS 0x00000000ead00000, 0x00000000ead00000| Untracked 
| 174|0x00000000eae00000, 0x00000000eae00000, 0x00000000eaf00000|  0%| F|  |TAMS 0x00000000eae00000, 0x00000000eae00000| Untracked 
| 175|0x00000000eaf00000, 0x00000000eaf00000, 0x00000000eb000000|  0%| F|  |TAMS 0x00000000eaf00000, 0x00000000eaf00000| Untracked 
| 176|0x00000000eb000000, 0x00000000eb000000, 0x00000000eb100000|  0%| F|  |TAMS 0x00000000eb000000, 0x00000000eb000000| Untracked 
| 177|0x00000000eb100000, 0x00000000eb100000, 0x00000000eb200000|  0%| F|  |TAMS 0x00000000eb100000, 0x00000000eb100000| Untracked 
| 178|0x00000000eb200000, 0x00000000eb200000, 0x00000000eb300000|  0%| F|  |TAMS 0x00000000eb200000, 0x00000000eb200000| Untracked 
| 179|0x00000000eb300000, 0x00000000eb300000, 0x00000000eb400000|  0%| F|  |TAMS 0x00000000eb300000, 0x00000000eb300000| Untracked 
| 180|0x00000000eb400000, 0x00000000eb400000, 0x00000000eb500000|  0%| F|  |TAMS 0x00000000eb400000, 0x00000000eb400000| Untracked 
| 181|0x00000000eb500000, 0x00000000eb500000, 0x00000000eb600000|  0%| F|  |TAMS 0x00000000eb500000, 0x00000000eb500000| Untracked 
| 182|0x00000000eb600000, 0x00000000eb600000, 0x00000000eb700000|  0%| F|  |TAMS 0x00000000eb600000, 0x00000000eb600000| Untracked 
| 183|0x00000000eb700000, 0x00000000eb700000, 0x00000000eb800000|  0%| F|  |TAMS 0x00000000eb700000, 0x00000000eb700000| Untracked 
| 184|0x00000000eb800000, 0x00000000eb800000, 0x00000000eb900000|  0%| F|  |TAMS 0x00000000eb800000, 0x00000000eb800000| Untracked 
| 185|0x00000000eb900000, 0x00000000eb900000, 0x00000000eba00000|  0%| F|  |TAMS 0x00000000eb900000, 0x00000000eb900000| Untracked 
| 186|0x00000000eba00000, 0x00000000eba00000, 0x00000000ebb00000|  0%| F|  |TAMS 0x00000000eba00000, 0x00000000eba00000| Untracked 
| 187|0x00000000ebb00000, 0x00000000ebb00000, 0x00000000ebc00000|  0%| F|  |TAMS 0x00000000ebb00000, 0x00000000ebb00000| Untracked 
| 188|0x00000000ebc00000, 0x00000000ebc00000, 0x00000000ebd00000|  0%| F|  |TAMS 0x00000000ebc00000, 0x00000000ebc00000| Untracked 
| 189|0x00000000ebd00000, 0x00000000ebd00000, 0x00000000ebe00000|  0%| F|  |TAMS 0x00000000ebd00000, 0x00000000ebd00000| Untracked 
| 190|0x00000000ebe00000, 0x00000000ebe00000, 0x00000000ebf00000|  0%| F|  |TAMS 0x00000000ebe00000, 0x00000000ebe00000| Untracked 
| 191|0x00000000ebf00000, 0x00000000ebf00000, 0x00000000ec000000|  0%| F|  |TAMS 0x00000000ebf00000, 0x00000000ebf00000| Untracked 
| 192|0x00000000ec000000, 0x00000000ec000000, 0x00000000ec100000|  0%| F|  |TAMS 0x00000000ec000000, 0x00000000ec000000| Untracked 
| 193|0x00000000ec100000, 0x00000000ec100000, 0x00000000ec200000|  0%| F|  |TAMS 0x00000000ec100000, 0x00000000ec100000| Untracked 
| 194|0x00000000ec200000, 0x00000000ec200000, 0x00000000ec300000|  0%| F|  |TAMS 0x00000000ec200000, 0x00000000ec200000| Untracked 
| 195|0x00000000ec300000, 0x00000000ec300000, 0x00000000ec400000|  0%| F|  |TAMS 0x00000000ec300000, 0x00000000ec300000| Untracked 
| 196|0x00000000ec400000, 0x00000000ec400000, 0x00000000ec500000|  0%| F|  |TAMS 0x00000000ec400000, 0x00000000ec400000| Untracked 
| 197|0x00000000ec500000, 0x00000000ec5fe4e8, 0x00000000ec600000| 99%| E|  |TAMS 0x00000000ec500000, 0x00000000ec500000| Complete 
| 198|0x00000000ec600000, 0x00000000ec700000, 0x00000000ec700000|100%| E|CS|TAMS 0x00000000ec600000, 0x00000000ec600000| Complete 
| 199|0x00000000ec700000, 0x00000000ec800000, 0x00000000ec800000|100%| E|CS|TAMS 0x00000000ec700000, 0x00000000ec700000| Complete 
| 200|0x00000000ec800000, 0x00000000ec900000, 0x00000000ec900000|100%| E|CS|TAMS 0x00000000ec800000, 0x00000000ec800000| Complete 
| 201|0x00000000ec900000, 0x00000000eca00000, 0x00000000eca00000|100%| E|CS|TAMS 0x00000000ec900000, 0x00000000ec900000| Complete 
| 202|0x00000000eca00000, 0x00000000ecb00000, 0x00000000ecb00000|100%| E|CS|TAMS 0x00000000eca00000, 0x00000000eca00000| Complete 
| 203|0x00000000ecb00000, 0x00000000ecc00000, 0x00000000ecc00000|100%| E|CS|TAMS 0x00000000ecb00000, 0x00000000ecb00000| Complete 
| 204|0x00000000ecc00000, 0x00000000ecd00000, 0x00000000ecd00000|100%| E|CS|TAMS 0x00000000ecc00000, 0x00000000ecc00000| Complete 
| 205|0x00000000ecd00000, 0x00000000ece00000, 0x00000000ece00000|100%| E|CS|TAMS 0x00000000ecd00000, 0x00000000ecd00000| Complete 
| 206|0x00000000ece00000, 0x00000000ecf00000, 0x00000000ecf00000|100%| E|CS|TAMS 0x00000000ece00000, 0x00000000ece00000| Complete 
| 207|0x00000000ecf00000, 0x00000000ed000000, 0x00000000ed000000|100%| E|CS|TAMS 0x00000000ecf00000, 0x00000000ecf00000| Complete 
| 208|0x00000000ed000000, 0x00000000ed100000, 0x00000000ed100000|100%| E|CS|TAMS 0x00000000ed000000, 0x00000000ed000000| Complete 
| 209|0x00000000ed100000, 0x00000000ed200000, 0x00000000ed200000|100%| E|CS|TAMS 0x00000000ed100000, 0x00000000ed100000| Complete 
| 210|0x00000000ed200000, 0x00000000ed300000, 0x00000000ed300000|100%| E|CS|TAMS 0x00000000ed200000, 0x00000000ed200000| Complete 
| 211|0x00000000ed300000, 0x00000000ed400000, 0x00000000ed400000|100%| E|CS|TAMS 0x00000000ed300000, 0x00000000ed300000| Complete 
| 212|0x00000000ed400000, 0x00000000ed500000, 0x00000000ed500000|100%| E|CS|TAMS 0x00000000ed400000, 0x00000000ed400000| Complete 
| 213|0x00000000ed500000, 0x00000000ed600000, 0x00000000ed600000|100%| E|CS|TAMS 0x00000000ed500000, 0x00000000ed500000| Complete 
| 214|0x00000000ed600000, 0x00000000ed700000, 0x00000000ed700000|100%| E|CS|TAMS 0x00000000ed600000, 0x00000000ed600000| Complete 
| 215|0x00000000ed700000, 0x00000000ed800000, 0x00000000ed800000|100%| E|  |TAMS 0x00000000ed700000, 0x00000000ed700000| Complete 
| 216|0x00000000ed800000, 0x00000000ed900000, 0x00000000ed900000|100%| E|CS|TAMS 0x00000000ed800000, 0x00000000ed800000| Complete 
| 217|0x00000000ed900000, 0x00000000eda00000, 0x00000000eda00000|100%| E|CS|TAMS 0x00000000ed900000, 0x00000000ed900000| Complete 
| 218|0x00000000eda00000, 0x00000000edb00000, 0x00000000edb00000|100%| E|CS|TAMS 0x00000000eda00000, 0x00000000eda00000| Complete 
| 219|0x00000000edb00000, 0x00000000edc00000, 0x00000000edc00000|100%| E|CS|TAMS 0x00000000edb00000, 0x00000000edb00000| Complete 
| 220|0x00000000edc00000, 0x00000000edd00000, 0x00000000edd00000|100%| E|CS|TAMS 0x00000000edc00000, 0x00000000edc00000| Complete 
| 221|0x00000000edd00000, 0x00000000ede00000, 0x00000000ede00000|100%| E|CS|TAMS 0x00000000edd00000, 0x00000000edd00000| Complete 
| 222|0x00000000ede00000, 0x00000000edf00000, 0x00000000edf00000|100%| E|CS|TAMS 0x00000000ede00000, 0x00000000ede00000| Complete 
| 223|0x00000000edf00000, 0x00000000ee000000, 0x00000000ee000000|100%| E|CS|TAMS 0x00000000edf00000, 0x00000000edf00000| Complete 
| 224|0x00000000ee000000, 0x00000000ee100000, 0x00000000ee100000|100%| E|CS|TAMS 0x00000000ee000000, 0x00000000ee000000| Complete 
| 225|0x00000000ee100000, 0x00000000ee200000, 0x00000000ee200000|100%| E|CS|TAMS 0x00000000ee100000, 0x00000000ee100000| Complete 
| 226|0x00000000ee200000, 0x00000000ee300000, 0x00000000ee300000|100%| E|CS|TAMS 0x00000000ee200000, 0x00000000ee200000| Complete 
| 227|0x00000000ee300000, 0x00000000ee400000, 0x00000000ee400000|100%| E|CS|TAMS 0x00000000ee300000, 0x00000000ee300000| Complete 
| 228|0x00000000ee400000, 0x00000000ee500000, 0x00000000ee500000|100%| E|CS|TAMS 0x00000000ee400000, 0x00000000ee400000| Complete 
| 229|0x00000000ee500000, 0x00000000ee600000, 0x00000000ee600000|100%| E|CS|TAMS 0x00000000ee500000, 0x00000000ee500000| Complete 
| 230|0x00000000ee600000, 0x00000000ee700000, 0x00000000ee700000|100%| E|CS|TAMS 0x00000000ee600000, 0x00000000ee600000| Complete 
| 231|0x00000000ee700000, 0x00000000ee800000, 0x00000000ee800000|100%| E|CS|TAMS 0x00000000ee700000, 0x00000000ee700000| Complete 
| 232|0x00000000ee800000, 0x00000000ee900000, 0x00000000ee900000|100%| E|CS|TAMS 0x00000000ee800000, 0x00000000ee800000| Complete 
| 233|0x00000000ee900000, 0x00000000eea00000, 0x00000000eea00000|100%| E|CS|TAMS 0x00000000ee900000, 0x00000000ee900000| Complete 
| 234|0x00000000eea00000, 0x00000000eeb00000, 0x00000000eeb00000|100%| E|CS|TAMS 0x00000000eea00000, 0x00000000eea00000| Complete 
| 235|0x00000000eeb00000, 0x00000000eec00000, 0x00000000eec00000|100%| E|CS|TAMS 0x00000000eeb00000, 0x00000000eeb00000| Complete 
| 236|0x00000000eec00000, 0x00000000eed00000, 0x00000000eed00000|100%| E|CS|TAMS 0x00000000eec00000, 0x00000000eec00000| Complete 
| 237|0x00000000eed00000, 0x00000000eee00000, 0x00000000eee00000|100%| E|CS|TAMS 0x00000000eed00000, 0x00000000eed00000| Complete 
| 238|0x00000000eee00000, 0x00000000eef00000, 0x00000000eef00000|100%| E|CS|TAMS 0x00000000eee00000, 0x00000000eee00000| Complete 
| 239|0x00000000eef00000, 0x00000000ef000000, 0x00000000ef000000|100%| E|CS|TAMS 0x00000000eef00000, 0x00000000eef00000| Complete 
| 240|0x00000000ef000000, 0x00000000ef100000, 0x00000000ef100000|100%| E|CS|TAMS 0x00000000ef000000, 0x00000000ef000000| Complete 
| 241|0x00000000ef100000, 0x00000000ef200000, 0x00000000ef200000|100%| E|CS|TAMS 0x00000000ef100000, 0x00000000ef100000| Complete 
| 242|0x00000000ef200000, 0x00000000ef300000, 0x00000000ef300000|100%| E|CS|TAMS 0x00000000ef200000, 0x00000000ef200000| Complete 
| 243|0x00000000ef300000, 0x00000000ef400000, 0x00000000ef400000|100%| E|CS|TAMS 0x00000000ef300000, 0x00000000ef300000| Complete 
| 244|0x00000000ef400000, 0x00000000ef500000, 0x00000000ef500000|100%| E|CS|TAMS 0x00000000ef400000, 0x00000000ef400000| Complete 
| 245|0x00000000ef500000, 0x00000000ef600000, 0x00000000ef600000|100%| E|CS|TAMS 0x00000000ef500000, 0x00000000ef500000| Complete 
| 246|0x00000000ef600000, 0x00000000ef700000, 0x00000000ef700000|100%| E|CS|TAMS 0x00000000ef600000, 0x00000000ef600000| Complete 
| 247|0x00000000ef700000, 0x00000000ef800000, 0x00000000ef800000|100%| E|CS|TAMS 0x00000000ef700000, 0x00000000ef700000| Complete 
| 248|0x00000000ef800000, 0x00000000ef900000, 0x00000000ef900000|100%| E|CS|TAMS 0x00000000ef800000, 0x00000000ef800000| Complete 
| 249|0x00000000ef900000, 0x00000000efa00000, 0x00000000efa00000|100%| E|CS|TAMS 0x00000000ef900000, 0x00000000ef900000| Complete 
| 250|0x00000000efa00000, 0x00000000efb00000, 0x00000000efb00000|100%| E|CS|TAMS 0x00000000efa00000, 0x00000000efa00000| Complete 
| 251|0x00000000efb00000, 0x00000000efc00000, 0x00000000efc00000|100%| E|CS|TAMS 0x00000000efb00000, 0x00000000efb00000| Complete 
| 252|0x00000000efc00000, 0x00000000efd00000, 0x00000000efd00000|100%| E|CS|TAMS 0x00000000efc00000, 0x00000000efc00000| Complete 
| 253|0x00000000efd00000, 0x00000000efe00000, 0x00000000efe00000|100%| E|CS|TAMS 0x00000000efd00000, 0x00000000efd00000| Complete 
| 254|0x00000000efe00000, 0x00000000eff00000, 0x00000000eff00000|100%| E|CS|TAMS 0x00000000efe00000, 0x00000000efe00000| Complete 
| 255|0x00000000eff00000, 0x00000000f0000000, 0x00000000f0000000|100%| E|CS|TAMS 0x00000000eff00000, 0x00000000eff00000| Complete 

Card table byte_map: [0x00000284e0d20000,0x00000284e0e20000] _byte_map_base: 0x00000284e0620000

Marking Bits (Prev, Next): (CMBitMap*) 0x00000284c96ed680, (CMBitMap*) 0x00000284c96ed640
 Prev Bits: [0x00000284e1720000, 0x00000284e1f20000)
 Next Bits: [0x00000284e0f20000, 0x00000284e1720000)

Polling page: 0x00000284c7660000

Metaspace:

Usage:
  Non-class:     60.36 MB capacity,    59.15 MB ( 98%) used,     1.09 MB (  2%) free+waste,   124.38 KB ( <1%) overhead. 
      Class:      9.41 MB capacity,     8.77 MB ( 93%) used,   592.41 KB (  6%) free+waste,    54.69 KB ( <1%) overhead. 
       Both:     69.76 MB capacity,    67.92 MB ( 97%) used,     1.66 MB (  2%) free+waste,   179.06 KB ( <1%) overhead. 

Virtual space:
  Non-class space:       62.00 MB reserved,      60.42 MB ( 97%) committed 
      Class space:      248.00 MB reserved,       9.50 MB (  4%) committed 
             Both:      310.00 MB reserved,      69.92 MB ( 23%) committed 

Chunk freelists:
   Non-Class:  1.00 KB
       Class:  1.00 KB
        Both:  2.00 KB

MaxMetaspaceSize: 256.00 MB
CompressedClassSpaceSize: 248.00 MB

CodeHeap 'non-profiled nmethods': size=120000Kb used=6227Kb max_used=6227Kb free=113772Kb
 bounds [0x00000284d93c0000, 0x00000284d99e0000, 0x00000284e08f0000]
CodeHeap 'profiled nmethods': size=120000Kb used=20527Kb max_used=20527Kb free=99472Kb
 bounds [0x00000284d1e90000, 0x00000284d32a0000, 0x00000284d93c0000]
CodeHeap 'non-nmethods': size=5760Kb used=2390Kb max_used=2453Kb free=3369Kb
 bounds [0x00000284d18f0000, 0x00000284d1b60000, 0x00000284d1e90000]
 total_blobs=10563 nmethods=9692 adapters=782
 compilation: enabled
              stopped_count=0, restarted_count=0
 full_count=0

Compilation events (20 events):
Event: 1647.792 Thread 0x00000284e496a890 10526       3       org.gradle.cache.internal.filelock.DefaultLockStateSerializer$SequenceNumberLockState::beforeUpdate (17 bytes)
Event: 1647.792 Thread 0x00000284e496a890 nmethod 10526 0x00000284d3298c90 code [0x00000284d3298e40, 0x00000284d3299078]
Event: 1647.794 Thread 0x00000284e496a890 10527       3       org.gradle.cache.internal.btree.BlockPayload::<init> (5 bytes)
Event: 1647.794 Thread 0x00000284e496a890 nmethod 10527 0x00000284d3299190 code [0x00000284d3299320, 0x00000284d3299478]
Event: 1647.795 Thread 0x00000284e496a890 10528       3       com.google.common.collect.CompactHashSet::firstEntryIndex (13 bytes)
Event: 1647.795 Thread 0x00000284f0742a40 nmethod 10484 0x00000284d99cf410 code [0x00000284d99cf600, 0x00000284d99cfbf0]
Event: 1647.795 Thread 0x00000284e496a890 nmethod 10528 0x00000284d3299510 code [0x00000284d32996c0, 0x00000284d3299978]
Event: 1647.795 Thread 0x00000284f0742a40 10480       4       com.sun.tools.javac.code.Symbol$ClassSymbol::<init> (75 bytes)
Event: 1647.795 Thread 0x00000284e496a890 10529       3       com.google.common.collect.CompactHashSet::getSuccessor (18 bytes)
Event: 1647.795 Thread 0x00000284e496a890 nmethod 10529 0x00000284d3299a10 code [0x00000284d3299ba0, 0x00000284d3299cf8]
Event: 1647.798 Thread 0x00000284e496a890 10530       3       java.nio.file.FileTreeWalker::<init> (144 bytes)
Event: 1647.799 Thread 0x00000284e4969ee0 nmethod 10479 0x00000284d99d0110 code [0x00000284d99d03a0, 0x00000284d99d1110]
Event: 1647.799 Thread 0x00000284e496a890 nmethod 10530 0x00000284d3299d90 code [0x00000284d329a000, 0x00000284d329aea8]
Event: 1647.799 Thread 0x00000284e4969ee0 10483       4       com.sun.tools.javac.file.PathFileObject::<init> (42 bytes)
Event: 1647.799 Thread 0x00000284e496a890 10531       3       java.nio.file.FileTreeWalker::walk (45 bytes)
Event: 1647.799 Thread 0x00000284e496a890 nmethod 10531 0x00000284d329b290 code [0x00000284d329b440, 0x00000284d329b6b8]
Event: 1647.800 Thread 0x00000284e496a890 10532       1       org.gradle.internal.snapshot.impl.DefaultImplementationSnapshot::getClassLoaderHash (5 bytes)
Event: 1647.800 Thread 0x00000284e496a890 nmethod 10532 0x00000284d99d1e90 code [0x00000284d99d2020, 0x00000284d99d20d8]
Event: 1647.800 Thread 0x00000284e496a890 10533       3       org.gradle.internal.snapshot.impl.SnapshotSerializer::write (10 bytes)
Event: 1647.801 Thread 0x00000284e496a890 nmethod 10533 0x00000284d329b810 code [0x00000284d329b9c0, 0x00000284d329bc28]

GC Heap History (14 events):
Event: 0.639 GC heap before
{Heap before GC invocations=0 (full 0):
 garbage-first heap   total 262144K, used 28672K [0x00000000e0000000, 0x0000000100000000)
  region size 1024K, 23 young (23552K), 0 survivors (0K)
 Metaspace       used 3851K, capacity 6469K, committed 6656K, reserved 262144K
  class space    used 472K, capacity 727K, committed 768K, reserved 253952K
}
Event: 0.642 GC heap after
{Heap after GC invocations=1 (full 0):
 garbage-first heap   total 262144K, used 8540K [0x00000000e0000000, 0x0000000100000000)
  region size 1024K, 3 young (3072K), 3 survivors (3072K)
 Metaspace       used 3851K, capacity 6469K, committed 6656K, reserved 262144K
  class space    used 472K, capacity 727K, committed 768K, reserved 253952K
}
Event: 0.953 GC heap before
{Heap before GC invocations=1 (full 0):
 garbage-first heap   total 262144K, used 36188K [0x00000000e0000000, 0x0000000100000000)
  region size 1024K, 31 young (31744K), 3 survivors (3072K)
 Metaspace       used 4012K, capacity 6533K, committed 6656K, reserved 262144K
  class space    used 478K, capacity 727K, committed 768K, reserved 253952K
}
Event: 0.956 GC heap after
{Heap after GC invocations=2 (full 0):
 garbage-first heap   total 262144K, used 12697K [0x00000000e0000000, 0x0000000100000000)
  region size 1024K, 4 young (4096K), 4 survivors (4096K)
 Metaspace       used 4012K, capacity 6533K, committed 6656K, reserved 262144K
  class space    used 478K, capacity 727K, committed 768K, reserved 253952K
}
Event: 3.348 GC heap before
{Heap before GC invocations=2 (full 0):
 garbage-first heap   total 262144K, used 119193K [0x00000000e0000000, 0x0000000100000000)
  region size 1024K, 100 young (102400K), 4 survivors (4096K)
 Metaspace       used 20622K, capacity 21179K, committed 21296K, reserved 272384K
  class space    used 2972K, capacity 3175K, committed 3200K, reserved 253952K
}
Event: 3.373 GC heap after
{Heap after GC invocations=3 (full 0):
 garbage-first heap   total 262144K, used 29827K [0x00000000e0000000, 0x0000000100000000)
  region size 1024K, 12 young (12288K), 12 survivors (12288K)
 Metaspace       used 20622K, capacity 21179K, committed 21296K, reserved 272384K
  class space    used 2972K, capacity 3175K, committed 3200K, reserved 253952K
}
Event: 5.213 GC heap before
{Heap before GC invocations=4 (full 0):
 garbage-first heap   total 262144K, used 134275K [0x00000000e0000000, 0x0000000100000000)
  region size 1024K, 105 young (107520K), 12 survivors (12288K)
 Metaspace       used 34991K, capacity 35812K, committed 35888K, reserved 286720K
  class space    used 4635K, capacity 4918K, committed 4992K, reserved 253952K
}
Event: 5.224 GC heap after
{Heap after GC invocations=5 (full 0):
 garbage-first heap   total 262144K, used 46765K [0x00000000e0000000, 0x0000000100000000)
  region size 1024K, 18 young (18432K), 18 survivors (18432K)
 Metaspace       used 34991K, capacity 35812K, committed 35888K, reserved 286720K
  class space    used 4635K, capacity 4918K, committed 4992K, reserved 253952K
}
Event: 7.646 GC heap before
{Heap before GC invocations=6 (full 0):
 garbage-first heap   total 262144K, used 185005K [0x00000000e0000000, 0x0000000100000000)
  region size 1024K, 153 young (156672K), 18 survivors (18432K)
 Metaspace       used 47588K, capacity 48781K, committed 48944K, reserved 296960K
  class space    used 6438K, capacity 6775K, committed 6784K, reserved 253952K
}
Event: 7.663 GC heap after
{Heap after GC invocations=7 (full 0):
 garbage-first heap   total 262144K, used 57648K [0x00000000e0000000, 0x0000000100000000)
  region size 1024K, 20 young (20480K), 20 survivors (20480K)
 Metaspace       used 47588K, capacity 48781K, committed 48944K, reserved 296960K
  class space    used 6438K, capacity 6775K, committed 6784K, reserved 253952K
}
Event: 748.534 GC heap before
{Heap before GC invocations=7 (full 0):
 garbage-first heap   total 262144K, used 143664K [0x00000000e0000000, 0x0000000100000000)
  region size 1024K, 106 young (108544K), 20 survivors (20480K)
 Metaspace       used 58571K, capacity 60087K, committed 60208K, reserved 307200K
  class space    used 7760K, capacity 8226K, committed 8320K, reserved 253952K
}
Event: 748.551 GC heap after
{Heap after GC invocations=8 (full 0):
 garbage-first heap   total 262144K, used 66433K [0x00000000e0000000, 0x0000000100000000)
  region size 1024K, 9 young (9216K), 9 survivors (9216K)
 Metaspace       used 58571K, capacity 60087K, committed 60208K, reserved 307200K
  class space    used 7760K, capacity 8226K, committed 8320K, reserved 253952K
}
Event: 1505.991 GC heap before
{Heap before GC invocations=9 (full 0):
 garbage-first heap   total 262144K, used 198529K [0x00000000e0000000, 0x0000000100000000)
  region size 1024K, 139 young (142336K), 9 survivors (9216K)
 Metaspace       used 68712K, capacity 70578K, committed 70704K, reserved 315392K
  class space    used 8919K, capacity 9528K, committed 9600K, reserved 253952K
}
Event: 1506.003 GC heap after
{Heap after GC invocations=10 (full 0):
 garbage-first heap   total 262144K, used 69031K [0x00000000e0000000, 0x0000000100000000)
  region size 1024K, 11 young (11264K), 11 survivors (11264K)
 Metaspace       used 68712K, capacity 70578K, committed 70704K, reserved 315392K
  class space    used 8919K, capacity 9528K, committed 9600K, reserved 253952K
}

Deoptimization events (20 events):
Event: 1533.052 Thread 0x00000284e8b03120 Uncommon trap: trap_request=0xffffffbe fr.pc=0x00000284d996fa14 relative=0x00000000000005b4
Event: 1533.052 Thread 0x00000284e8b03120 Uncommon trap: reason=profile_predicate action=maybe_recompile pc=0x00000284d996fa14 method=sun.security.provider.DigestBase.implCompressMultiBlock0([BII)I @ 2 c2
Event: 1533.052 Thread 0x00000284e8b03120 DEOPT PACKING pc=0x00000284d996fa14 sp=0x00000095805f8db0
Event: 1533.052 Thread 0x00000284e8b03120 DEOPT UNPACKING pc=0x00000284d18f852f sp=0x00000095805f8c80 mode 2
Event: 1533.069 Thread 0x00000284e8b03120 Uncommon trap: trap_request=0xffffffbe fr.pc=0x00000284d996fa14 relative=0x00000000000005b4
Event: 1533.069 Thread 0x00000284e8b03120 Uncommon trap: reason=profile_predicate action=maybe_recompile pc=0x00000284d996fa14 method=sun.security.provider.DigestBase.implCompressMultiBlock0([BII)I @ 2 c2
Event: 1533.069 Thread 0x00000284e8b03120 DEOPT PACKING pc=0x00000284d996fa14 sp=0x00000095805facf0
Event: 1533.069 Thread 0x00000284e8b03120 DEOPT UNPACKING pc=0x00000284d18f852f sp=0x00000095805fabc0 mode 2
Event: 1533.074 Thread 0x00000284e8b03120 Uncommon trap: trap_request=0xffffffbe fr.pc=0x00000284d996fa14 relative=0x00000000000005b4
Event: 1533.074 Thread 0x00000284e8b03120 Uncommon trap: reason=profile_predicate action=maybe_recompile pc=0x00000284d996fa14 method=sun.security.provider.DigestBase.implCompressMultiBlock0([BII)I @ 2 c2
Event: 1533.075 Thread 0x00000284e8b03120 DEOPT PACKING pc=0x00000284d996fa14 sp=0x00000095805facf0
Event: 1533.075 Thread 0x00000284e8b03120 DEOPT UNPACKING pc=0x00000284d18f852f sp=0x00000095805fabc0 mode 2
Event: 1533.091 Thread 0x00000284e8b03120 Uncommon trap: trap_request=0xffffffbe fr.pc=0x00000284d996fa14 relative=0x00000000000005b4
Event: 1533.091 Thread 0x00000284e8b03120 Uncommon trap: reason=profile_predicate action=maybe_recompile pc=0x00000284d996fa14 method=sun.security.provider.DigestBase.implCompressMultiBlock0([BII)I @ 2 c2
Event: 1533.091 Thread 0x00000284e8b03120 DEOPT PACKING pc=0x00000284d996fa14 sp=0x00000095805fa400
Event: 1533.091 Thread 0x00000284e8b03120 DEOPT UNPACKING pc=0x00000284d18f852f sp=0x00000095805fa2d0 mode 2
Event: 1647.647 Thread 0x00000284e72b2290 DEOPT PACKING pc=0x00000284d2608619 sp=0x00000095806fa460
Event: 1647.647 Thread 0x00000284e72b2290 DEOPT UNPACKING pc=0x00000284d193f6cf sp=0x00000095806f9950 mode 0
Event: 1647.651 Thread 0x00000284e72b2290 DEOPT PACKING pc=0x00000284d24d4c54 sp=0x00000095806f9cd0
Event: 1647.651 Thread 0x00000284e72b2290 DEOPT UNPACKING pc=0x00000284d193f6cf sp=0x00000095806f9250 mode 0

Classes unloaded (20 events):
Event: 748.577 Thread 0x00000284e4943060 Unloading class 0x0000000800c91440 'jdk/internal/reflect/GeneratedSerializationConstructorAccessor22'
Event: 748.577 Thread 0x00000284e4943060 Unloading class 0x0000000800c91040 'jdk/internal/reflect/GeneratedSerializationConstructorAccessor21'
Event: 748.577 Thread 0x00000284e4943060 Unloading class 0x0000000800c90040 'jdk/internal/reflect/GeneratedSerializationConstructorAccessor17'
Event: 748.577 Thread 0x00000284e4943060 Unloading class 0x0000000800c58c40 'jdk/internal/reflect/GeneratedSerializationConstructorAccessor16'
Event: 748.577 Thread 0x00000284e4943060 Unloading class 0x0000000800c5c440 'jdk/internal/reflect/GeneratedSerializationConstructorAccessor4'
Event: 748.577 Thread 0x00000284e4943060 Unloading class 0x0000000800c5c040 'jdk/internal/reflect/GeneratedSerializationConstructorAccessor3'
Event: 748.577 Thread 0x00000284e4943060 Unloading class 0x0000000800c5cc40 'jdk/internal/reflect/GeneratedSerializationConstructorAccessor2'
Event: 748.577 Thread 0x00000284e4943060 Unloading class 0x0000000800c58040 'java/lang/invoke/LambdaForm$DMH+0x0000000800c58040'
Event: 748.577 Thread 0x00000284e4943060 Unloading class 0x0000000800c34040 'java/lang/invoke/LambdaForm$DMH+0x0000000800c34040'
Event: 748.577 Thread 0x00000284e4943060 Unloading class 0x0000000800c35040 'java/lang/invoke/LambdaForm$MH+0x0000000800c35040'
Event: 748.577 Thread 0x00000284e4943060 Unloading class 0x0000000800c35c40 'java/lang/invoke/LambdaForm$MH+0x0000000800c35c40'
Event: 748.577 Thread 0x00000284e4943060 Unloading class 0x0000000800c35840 'java/lang/invoke/LambdaForm$MH+0x0000000800c35840'
Event: 748.577 Thread 0x00000284e4943060 Unloading class 0x0000000800c36040 'java/lang/invoke/LambdaForm$MH+0x0000000800c36040'
Event: 748.577 Thread 0x00000284e4943060 Unloading class 0x0000000800c37840 'java/lang/invoke/LambdaForm$MH+0x0000000800c37840'
Event: 748.577 Thread 0x00000284e4943060 Unloading class 0x0000000800c33440 'java/lang/invoke/LambdaForm$MH+0x0000000800c33440'
Event: 748.577 Thread 0x00000284e4943060 Unloading class 0x0000000800c32c40 'java/lang/invoke/LambdaForm$MH+0x0000000800c32c40'
Event: 748.577 Thread 0x00000284e4943060 Unloading class 0x0000000800c32840 'java/lang/invoke/LambdaForm$MH+0x0000000800c32840'
Event: 748.577 Thread 0x00000284e4943060 Unloading class 0x0000000800c32440 'java/lang/invoke/LambdaForm$MH+0x0000000800c32440'
Event: 748.577 Thread 0x00000284e4943060 Unloading class 0x0000000800c32040 'java/lang/invoke/LambdaForm$MH+0x0000000800c32040'
Event: 748.577 Thread 0x00000284e4943060 Unloading class 0x0000000800c31840 'java/lang/invoke/LambdaForm$MH+0x0000000800c31840'

Classes redefined (0 events):
No events

Internal exceptions (20 events):
Event: 1506.176 Thread 0x00000284e8934480 Exception <a 'sun/nio/fs/WindowsException'{0x00000000ef2c8ce8}> (0x00000000ef2c8ce8) 
thrown [./open/src/hotspot/share/prims/jni.cpp, line 578]
Event: 1506.176 Thread 0x00000284e8934480 Exception <a 'sun/nio/fs/WindowsException'{0x00000000ef2c8fc8}> (0x00000000ef2c8fc8) 
thrown [./open/src/hotspot/share/prims/jni.cpp, line 578]
Event: 1506.218 Thread 0x00000284e8934480 Exception <a 'sun/nio/fs/WindowsException'{0x00000000eeedcb48}> (0x00000000eeedcb48) 
thrown [./open/src/hotspot/share/prims/jni.cpp, line 578]
Event: 1507.207 Thread 0x00000284e8939ff0 Exception <a 'java/lang/ClassNotFoundException'{0x00000000eebeacf8}: java/lang/NullPointerExceptionBeanInfo> (0x00000000eebeacf8) 
thrown [./open/src/hotspot/share/classfile/systemDictionary.cpp, line 295]
Event: 1507.207 Thread 0x00000284e8939ff0 Exception <a 'java/lang/ClassNotFoundException'{0x00000000eebefc58}: java/lang/NullPointerExceptionCustomizer> (0x00000000eebefc58) 
thrown [./open/src/hotspot/share/classfile/systemDictionary.cpp, line 295]
Event: 1507.208 Thread 0x00000284e8939ff0 Implicit null exception at 0x00000284d980066e to 0x00000284d9800d44
Event: 1507.255 Thread 0x00000284e8934480 Exception <a 'java/lang/reflect/InvocationTargetException'{0x00000000eeaf3360}> (0x00000000eeaf3360) 
thrown [./open/src/hotspot/share/runtime/reflection.cpp, line 1157]
Event: 1533.298 Thread 0x00000284e8afd5b0 Exception <a 'sun/nio/fs/WindowsException'{0x00000000ee142b98}> (0x00000000ee142b98) 
thrown [./open/src/hotspot/share/prims/jni.cpp, line 578]
Event: 1533.298 Thread 0x00000284e8afd5b0 Exception <a 'sun/nio/fs/WindowsException'{0x00000000ee142e68}> (0x00000000ee142e68) 
thrown [./open/src/hotspot/share/prims/jni.cpp, line 578]
Event: 1533.308 Thread 0x00000284e8afd5b0 Exception <a 'sun/nio/fs/WindowsException'{0x00000000ee0fb280}> (0x00000000ee0fb280) 
thrown [./open/src/hotspot/share/prims/jni.cpp, line 578]
Event: 1533.317 Thread 0x00000284e8afd5b0 Exception <a 'sun/nio/fs/WindowsException'{0x00000000ede16a78}> (0x00000000ede16a78) 
thrown [./open/src/hotspot/share/prims/jni.cpp, line 578]
Event: 1533.317 Thread 0x00000284e8afd5b0 Exception <a 'sun/nio/fs/WindowsException'{0x00000000ede16d00}> (0x00000000ede16d00) 
thrown [./open/src/hotspot/share/prims/jni.cpp, line 578]
Event: 1533.363 Thread 0x00000284e8afd5b0 Exception <a 'sun/nio/fs/WindowsException'{0x00000000eda8fee0}> (0x00000000eda8fee0) 
thrown [./open/src/hotspot/share/prims/jni.cpp, line 578]
Event: 1535.667 Thread 0x00000284e8afd5b0 Exception <a 'java/lang/reflect/InvocationTargetException'{0x00000000ed69d900}> (0x00000000ed69d900) 
thrown [./open/src/hotspot/share/runtime/reflection.cpp, line 1157]
Event: 1647.748 Thread 0x00000284e8afcc10 Exception <a 'sun/nio/fs/WindowsException'{0x00000000ecc10098}> (0x00000000ecc10098) 
thrown [./open/src/hotspot/share/prims/jni.cpp, line 578]
Event: 1647.748 Thread 0x00000284e8afcc10 Exception <a 'sun/nio/fs/WindowsException'{0x00000000ecc10368}> (0x00000000ecc10368) 
thrown [./open/src/hotspot/share/prims/jni.cpp, line 578]
Event: 1647.752 Thread 0x00000284e8afcc10 Exception <a 'sun/nio/fs/WindowsException'{0x00000000ecbc8240}> (0x00000000ecbc8240) 
thrown [./open/src/hotspot/share/prims/jni.cpp, line 578]
Event: 1647.754 Thread 0x00000284e8afcc10 Exception <a 'sun/nio/fs/WindowsException'{0x00000000ecae37a0}> (0x00000000ecae37a0) 
thrown [./open/src/hotspot/share/prims/jni.cpp, line 578]
Event: 1647.754 Thread 0x00000284e8afcc10 Exception <a 'sun/nio/fs/WindowsException'{0x00000000ecae3a28}> (0x00000000ecae3a28) 
thrown [./open/src/hotspot/share/prims/jni.cpp, line 578]
Event: 1647.788 Thread 0x00000284e8afcc10 Exception <a 'sun/nio/fs/WindowsException'{0x00000000ec598ff8}> (0x00000000ec598ff8) 
thrown [./open/src/hotspot/share/prims/jni.cpp, line 578]

Events (20 events):
Event: 1647.627 Thread 0x00000284e8b00aa0 Thread added: 0x00000284e8b00aa0
Event: 1647.630 Thread 0x00000284e8afe420 Thread added: 0x00000284e8afe420
Event: 1647.657 Thread 0x00000284e8b02780 Thread added: 0x00000284e8b02780
Event: 1647.698 Thread 0x00000284e8b00100 Thread added: 0x00000284e8b00100
Event: 1647.699 Thread 0x00000284e8b01de0 Thread added: 0x00000284e8b01de0
Event: 1647.699 Thread 0x00000284e8b01910 Thread added: 0x00000284e8b01910
Event: 1647.699 Thread 0x00000284e8b02c50 Thread added: 0x00000284e8b02c50
Event: 1647.699 Thread 0x00000284e8affc30 Thread added: 0x00000284e8affc30
Event: 1647.699 Thread 0x00000284e8b00f70 Thread added: 0x00000284e8b00f70
Event: 1647.705 Thread 0x00000284e8afcc10 Thread added: 0x00000284e8afcc10
Event: 1647.705 Thread 0x00000284e8afd5b0 Thread added: 0x00000284e8afd5b0
Event: 1647.705 Thread 0x00000284e8b03120 Thread added: 0x00000284e8b03120
Event: 1647.705 Thread 0x00000284e8afb8d0 Thread added: 0x00000284e8afb8d0
Event: 1647.705 Thread 0x00000284e8afbda0 Thread added: 0x00000284e8afbda0
Event: 1647.706 Thread 0x00000284e8afda80 Thread added: 0x00000284e8afda80
Event: 1647.706 Thread 0x00000284e8939180 Thread added: 0x00000284e8939180
Event: 1647.709 Thread 0x00000284e893ae60 Thread added: 0x00000284e893ae60
Event: 1647.727 Thread 0x00000284e8938310 Thread added: 0x00000284e8938310
Event: 1647.755 Thread 0x00000284f0742a40 Thread added: 0x00000284f0742a40
Event: 1647.755 Thread 0x00000284f073e870 Thread added: 0x00000284f073e870


Dynamic libraries:
0x00007ff7ad2a0000 - 0x00007ff7ad2af000 	C:\Program Files\Java\jdk-15.0.2\bin\java.exe
0x00007ffc75380000 - 0x00007ffc75570000 	C:\WINDOWS\SYSTEM32\ntdll.dll
0x00007ffc74600000 - 0x00007ffc746b2000 	C:\WINDOWS\System32\KERNEL32.DLL
0x00007ffc73080000 - 0x00007ffc73325000 	C:\WINDOWS\System32\KERNELBASE.dll
0x00007ffc73330000 - 0x00007ffc7342a000 	C:\WINDOWS\System32\ucrtbase.dll
0x00007ffc60f50000 - 0x00007ffc60f69000 	C:\Program Files\Java\jdk-15.0.2\bin\VCRUNTIME140.dll
0x00007ffc60f30000 - 0x00007ffc60f48000 	C:\Program Files\Java\jdk-15.0.2\bin\jli.dll
0x00007ffc73530000 - 0x00007ffc735d3000 	C:\WINDOWS\System32\ADVAPI32.dll
0x00007ffc74820000 - 0x00007ffc748be000 	C:\WINDOWS\System32\msvcrt.dll
0x00007ffc73490000 - 0x00007ffc73527000 	C:\WINDOWS\System32\sechost.dll
0x00007ffc736a0000 - 0x00007ffc737bf000 	C:\WINDOWS\System32\RPCRT4.dll
0x00007ffc73b10000 - 0x00007ffc73ca4000 	C:\WINDOWS\System32\USER32.dll
0x00007ffc73050000 - 0x00007ffc73071000 	C:\WINDOWS\System32\win32u.dll
0x00007ffc595a0000 - 0x00007ffc59824000 	C:\WINDOWS\WinSxS\amd64_microsoft.windows.common-controls_6595b64144ccf1df_6.0.18362.1316_none_9e7a364fe461dbd7\COMCTL32.dll
0x00007ffc74cf0000 - 0x00007ffc74d16000 	C:\WINDOWS\System32\GDI32.dll
0x00007ffc723e0000 - 0x00007ffc72578000 	C:\WINDOWS\System32\gdi32full.dll
0x00007ffc737c0000 - 0x00007ffc73af7000 	C:\WINDOWS\System32\combase.dll
0x00007ffc72d30000 - 0x00007ffc72dce000 	C:\WINDOWS\System32\msvcp_win.dll
0x00007ffc72350000 - 0x00007ffc723d1000 	C:\WINDOWS\System32\bcryptPrimitives.dll
0x00007ffc6a000000 - 0x00007ffc6a00a000 	C:\WINDOWS\SYSTEM32\VERSION.dll
0x00007ffc735f0000 - 0x00007ffc7361e000 	C:\WINDOWS\System32\IMM32.DLL
0x00007ffc6ac50000 - 0x00007ffc6ac5c000 	C:\Program Files\Java\jdk-15.0.2\bin\vcruntime140_1.dll
0x00007ffc4de20000 - 0x00007ffc4deb1000 	C:\Program Files\Java\jdk-15.0.2\bin\msvcp140.dll
0x00007ffbd6bb0000 - 0x00007ffbd770e000 	C:\Program Files\Java\jdk-15.0.2\bin\server\jvm.dll
0x00007ffc75280000 - 0x00007ffc75288000 	C:\WINDOWS\System32\PSAPI.DLL
0x00007ffc6e860000 - 0x00007ffc6e869000 	C:\WINDOWS\SYSTEM32\WSOCK32.dll
0x00007ffc6f420000 - 0x00007ffc6f444000 	C:\WINDOWS\SYSTEM32\WINMM.dll
0x00007ffc748c0000 - 0x00007ffc7492f000 	C:\WINDOWS\System32\WS2_32.dll
0x00007ffc6ee30000 - 0x00007ffc6ee5d000 	C:\WINDOWS\SYSTEM32\winmmbase.dll
0x00007ffc72300000 - 0x00007ffc7234a000 	C:\WINDOWS\System32\cfgmgr32.dll
0x00007ffc72290000 - 0x00007ffc722a1000 	C:\WINDOWS\System32\kernel.appcore.dll
0x00007ffc6abe0000 - 0x00007ffc6abea000 	C:\Program Files\Java\jdk-15.0.2\bin\jimage.dll
0x00007ffc633d0000 - 0x00007ffc635c4000 	C:\WINDOWS\SYSTEM32\DBGHELP.DLL
0x00007ffc5b1e0000 - 0x00007ffc5b20a000 	C:\WINDOWS\SYSTEM32\dbgcore.DLL
0x00007ffc5f200000 - 0x00007ffc5f225000 	C:\Program Files\Java\jdk-15.0.2\bin\java.dll
0x00007ffc73d10000 - 0x00007ffc743f8000 	C:\WINDOWS\System32\SHELL32.dll
0x00007ffc75290000 - 0x00007ffc75337000 	C:\WINDOWS\System32\shcore.dll
0x00007ffc72580000 - 0x00007ffc72cfb000 	C:\WINDOWS\System32\windows.storage.dll
0x00007ffc722d0000 - 0x00007ffc722f3000 	C:\WINDOWS\System32\profapi.dll
0x00007ffc72240000 - 0x00007ffc7228a000 	C:\WINDOWS\System32\powrprof.dll
0x00007ffc72230000 - 0x00007ffc72240000 	C:\WINDOWS\System32\UMPDC.dll
0x00007ffc73cb0000 - 0x00007ffc73d02000 	C:\WINDOWS\System32\shlwapi.dll
0x00007ffc72ee0000 - 0x00007ffc72ef7000 	C:\WINDOWS\System32\cryptsp.dll
0x00007ffc5e6b0000 - 0x00007ffc5e6c9000 	C:\Program Files\Java\jdk-15.0.2\bin\net.dll
0x00007ffc6d3d0000 - 0x00007ffc6d4c0000 	C:\WINDOWS\SYSTEM32\WINHTTP.dll
0x00007ffc71a10000 - 0x00007ffc71a77000 	C:\WINDOWS\system32\mswsock.dll
0x00007ffc5b730000 - 0x00007ffc5b742000 	C:\Program Files\Java\jdk-15.0.2\bin\nio.dll
0x00007ffc5b0a0000 - 0x00007ffc5b0b8000 	C:\Program Files\Java\jdk-15.0.2\bin\zip.dll
0x00007ffc62940000 - 0x00007ffc62950000 	C:\Program Files\Java\jdk-15.0.2\bin\verify.dll
0x00007ffc628d0000 - 0x00007ffc628f6000 	C:\Users\aelsa\.gradle\native\fdc75f09e3144964f2cf3f50f0aa648679c211496f362492102eb8c894070792\windows-amd64\native-platform.dll
0x00007ffc33390000 - 0x00007ffc33521000 	C:\Users\aelsa\.gradle\native\12488b8bf47d2d4c9fbf2f6322a914ad602e24e48041cd04a747c6da556b65c4\windows-amd64\native-platform-file-events.dll
0x00007ffc62750000 - 0x00007ffc62759000 	C:\Program Files\Java\jdk-15.0.2\bin\management.dll
0x00007ffc62540000 - 0x00007ffc6254b000 	C:\Program Files\Java\jdk-15.0.2\bin\management_ext.dll
0x00007ffc71560000 - 0x00007ffc71593000 	C:\WINDOWS\system32\rsaenh.dll
0x00007ffc72d00000 - 0x00007ffc72d26000 	C:\WINDOWS\System32\bcrypt.dll
0x00007ffc72110000 - 0x00007ffc72135000 	C:\WINDOWS\SYSTEM32\USERENV.dll
0x00007ffc71be0000 - 0x00007ffc71bec000 	C:\WINDOWS\SYSTEM32\CRYPTBASE.dll
0x00007ffc71720000 - 0x00007ffc7175a000 	C:\WINDOWS\SYSTEM32\IPHLPAPI.DLL
0x00007ffc735e0000 - 0x00007ffc735e8000 	C:\WINDOWS\System32\NSI.dll
0x00007ffc68cb0000 - 0x00007ffc68cc6000 	C:\WINDOWS\SYSTEM32\dhcpcsvc6.DLL
0x00007ffc68c90000 - 0x00007ffc68cac000 	C:\WINDOWS\SYSTEM32\dhcpcsvc.DLL
0x00007ffc71760000 - 0x00007ffc7182b000 	C:\WINDOWS\SYSTEM32\DNSAPI.dll
0x00007ffc6d4c0000 - 0x00007ffc6d4cb000 	C:\WINDOWS\SYSTEM32\WINNSI.DLL

dbghelp: loaded successfully - version: 4.0.5 - missing functions: none
symbol engine: initialized successfully - sym options: 0x614 - pdb path: .;C:\Program Files\Java\jdk-15.0.2\bin;C:\WINDOWS\SYSTEM32;C:\WINDOWS\WinSxS\amd64_microsoft.windows.common-controls_6595b64144ccf1df_6.0.18362.1316_none_9e7a364fe461dbd7;C:\Program Files\Java\jdk-15.0.2\bin\server;C:\Users\aelsa\.gradle\native\fdc75f09e3144964f2cf3f50f0aa648679c211496f362492102eb8c894070792\windows-amd64;C:\Users\aelsa\.gradle\native\12488b8bf47d2d4c9fbf2f6322a914ad602e24e48041cd04a747c6da556b65c4\windows-amd64

VM Arguments:
jvm_args: -XX:MaxMetaspaceSize=256m -XX:+HeapDumpOnOutOfMemoryError --add-opens=java.base/java.util=ALL-UNNAMED --add-opens=java.base/java.lang=ALL-UNNAMED --add-opens=java.base/java.lang.invoke=ALL-UNNAMED --add-opens=java.prefs/java.util.prefs=ALL-UNNAMED -Xms256m -Xmx512m -Dfile.encoding=windows-1252 -Duser.country=US -Duser.language=en -Duser.variant 
java_command: org.gradle.launcher.daemon.bootstrap.GradleDaemon 6.7
java_class_path (initial): C:\Users\aelsa\.gradle\wrapper\dists\gradle-6.7-bin\efvqh8uyq79v2n7rcncuhu9sv\gradle-6.7\lib\gradle-launcher-6.7.jar
Launcher Type: SUN_STANDARD

[Global flags]
     intx CICompilerCount                          = 4                                         {product} {ergonomic}
   size_t CompressedClassSpaceSize                 = 260046848                                 {product} {ergonomic}
     uint ConcGCThreads                            = 2                                         {product} {ergonomic}
     uint G1ConcRefinementThreads                  = 8                                         {product} {ergonomic}
   size_t G1HeapRegionSize                         = 1048576                                   {product} {ergonomic}
    uintx GCDrainStackTargetSize                   = 64                                        {product} {ergonomic}
     bool HeapDumpOnOutOfMemoryError               = true                                   {manageable} {command line}
   size_t InitialHeapSize                          = 268435456                                 {product} {command line}
   size_t MarkStackSize                            = 4194304                                   {product} {ergonomic}
   size_t MaxHeapSize                              = 536870912                                 {product} {command line}
   size_t MaxMetaspaceSize                         = 268435456                                 {product} {command line}
   size_t MaxNewSize                               = 321912832                                 {product} {ergonomic}
   size_t MinHeapDeltaBytes                        = 1048576                                   {product} {ergonomic}
   size_t MinHeapSize                              = 268435456                                 {product} {command line}
    uintx NonNMethodCodeHeapSize                   = 5839372                                {pd product} {ergonomic}
    uintx NonProfiledCodeHeapSize                  = 122909434                              {pd product} {ergonomic}
    uintx ProfiledCodeHeapSize                     = 122909434                              {pd product} {ergonomic}
    uintx ReservedCodeCacheSize                    = 251658240                              {pd product} {ergonomic}
     bool SegmentedCodeCache                       = true                                      {product} {ergonomic}
   size_t SoftMaxHeapSize                          = 536870912                              {manageable} {ergonomic}
     bool UseCompressedClassPointers               = true                                 {lp64_product} {ergonomic}
     bool UseCompressedOops                        = true                                 {lp64_product} {ergonomic}
     bool UseG1GC                                  = true                                      {product} {ergonomic}
     bool UseLargePagesIndividualAllocation        = false                                  {pd product} {ergonomic}

Logging:
Log output configuration:
 #0: stdout all=warning uptime,level,tags
 #1: stderr all=off uptime,level,tags

Environment Variables:
JAVA_HOME=C:\Program Files\Java\jdk-15.0.2
PATH=C:\Program Files\Java\jdk-15.0.2\;C:\Program Files\Common Files\Oracle\Java\javapath;C:\WINDOWS\system32;C:\WINDOWS;C:\WINDOWS\System32\Wbem;C:\WINDOWS\System32\WindowsPowerShell\v1.0\;C:\WINDOWS\System32\OpenSSH\;C:\Program Files\Docker\Docker\resources\bin;C:\ProgramData\DockerDesktop\version-bin;C:\Program Files\Git\cmd;C:\Users\aelsa\AppData\Local\Microsoft\WindowsApps;;C:\Program Files\JetBrains\IntelliJ IDEA 2020.3.1\bin;
USERNAME=aelsa
OS=Windows_NT
PROCESSOR_IDENTIFIER=Intel64 Family 6 Model 126 Stepping 5, GenuineIntel



---------------  S Y S T E M  ---------------

OS:
 Windows 10 , 64 bit Build 18362 (10.0.18362.1316)
OS uptime: 4 days 5:54 hours
HyperV virtualization detected

CPU: total 8 (initial active 8) (4 cores per cpu, 2 threads per core) family 6 model 126 stepping 5 microcode 0xa0, cmov, cx8, fxsr, mmx, sse, sse2, sse3, ssse3, sse4.1, sse4.2, popcnt, vzeroupper, avx, avx2, aes, clmul, erms, 3dnowpref, lzcnt, ht, tsc, tscinvbit, bmi1, bmi2, adx, avx512f, avx512dq, avx512cd, avx512bw, avx512vl, avx512_vpopcntdq, avx512_vpclmulqdq, avx512_vbmi, avx512_vbmi2, avx512_vaes, avx512_vnni, sha, fma, clflush, clflushopt

Memory: 4k page, system-wide physical 7778M (845M free)
TotalPageFile size 18429M (AvailPageFile size 3403M)
current process WorkingSet (physical memory assigned to process): 398M, peak: 451M
current process commit charge ("private bytes"): 524M, peak: 540M

vm_info: Java HotSpot(TM) 64-Bit Server VM (15.0.2+7-27) for windows-amd64 JRE (15.0.2+7-27), built on Dec  7 2020 20:07:01 by "mach5one" with unknown MS VC++:1925

END.
